#
# There is insufficient memory for the Java Runtime Environment to continue.
# Native memory allocation (malloc) failed to allocate 54416 bytes for Chunk::new
# Possible reasons:
#   The system is out of physical RAM or swap space
#   The process is running with CompressedOops enabled, and the Java Heap may be blocking the growth of the native heap
# Possible solutions:
#   Reduce memory load on the system
#   Increase physical memory or swap space
#   Check if swap backing store is full
#   Decrease Java heap size (-Xmx/-Xms)
#   Decrease number of Java threads
#   Decrease Java thread stack sizes (-Xss)
#   Set larger code cache with -XX:ReservedCodeCacheSize=
#   JVM is running with Unscaled Compressed Oops mode in which the Java heap is
#     placed in the first 4GB address space. The Java Heap base address is the
#     maximum limit for the native heap growth. Please use -XX:HeapBaseMinAddress
#     to set the Java Heap base and to place the Java Heap above 4GB virtual address.
# This output file may be truncated or incomplete.
#
#  Out of Memory Error (arena.cpp:189), pid=8144, tid=2820
#
# JRE version: OpenJDK Runtime Environment (17.0.6) (build 17.0.6+0-b2043.56-10027231)
# Java VM: OpenJDK 64-Bit Server VM (17.0.6+0-b2043.56-10027231, mixed mode, tiered, compressed oops, compressed class ptrs, g1 gc, windows-amd64)
# No core dump will be written. Minidumps are not enabled by default on client versions of Windows
#

---------------  S U M M A R Y ------------

Command Line: --add-opens=java.base/java.util=ALL-UNNAMED --add-opens=java.base/java.lang=ALL-UNNAMED --add-opens=java.base/java.lang.invoke=ALL-UNNAMED --add-opens=java.base/java.util=ALL-UNNAMED --add-opens=java.prefs/java.util.prefs=ALL-UNNAMED --add-opens=java.prefs/java.util.prefs=ALL-UNNAMED --add-opens=java.base/java.nio.charset=ALL-UNNAMED --add-opens=java.base/java.net=ALL-UNNAMED --add-opens=java.base/java.util.concurrent.atomic=ALL-UNNAMED -Xmx1536M -Dfile.encoding=windows-1256 -Duser.country=US -Duser.language=en -Duser.variant org.gradle.launcher.daemon.bootstrap.GradleDaemon 7.5

Host: Intel(R) Core(TM) i7-5600U CPU @ 2.60GHz, 4 cores, 7G,  Windows 10 , 64 bit Build 19041 (10.0.19041.3636)
Time: Fri Dec  8 19:58:04 2023 Egypt Standard Time elapsed time: 45.955179 seconds (0d 0h 0m 45s)

---------------  T H R E A D  ---------------

Current thread (0x0000021225c2f080):  JavaThread "C2 CompilerThread0" daemon [_thread_in_native, id=2820, stack(0x0000002e42b00000,0x0000002e42c00000)]


Current CompileTask:
C2:  45955 16180       4       org.gradle.internal.logging.text.AbstractLineChoppingStyledTextOutput$1::execute (9 bytes)

Stack: [0x0000002e42b00000,0x0000002e42c00000]
Native frames: (J=compiled Java code, j=interpreted, Vv=VM code, C=native code)
V  [jvm.dll+0x683c9a]
V  [jvm.dll+0x8427a4]
V  [jvm.dll+0x843f9e]
V  [jvm.dll+0x844603]
V  [jvm.dll+0x249b75]
V  [jvm.dll+0xabcac]
V  [jvm.dll+0xac27c]
V  [jvm.dll+0x368802]
V  [jvm.dll+0x1bd0b8]
V  [jvm.dll+0x21c359]
V  [jvm.dll+0x21b621]
V  [jvm.dll+0x1a4fdd]
V  [jvm.dll+0x22b098]
V  [jvm.dll+0x229159]
V  [jvm.dll+0x7f81ec]
V  [jvm.dll+0x7f274a]
V  [jvm.dll+0x682ad5]
C  [ucrtbase.dll+0x21bb2]
C  [KERNEL32.DLL+0x17344]
C  [ntdll.dll+0x526b1]


---------------  P R O C E S S  ---------------

Threads class SMR info:
_java_thread_list=0x0000021232917d10, length=94, elements={
0x000002120cf9fc70, 0x0000021225242060, 0x00000212252429f0, 0x000002122528a240,
0x000002122528d830, 0x000002122528dd00, 0x00000212252941f0, 0x0000021225c2f080,
0x0000021225c395b0, 0x0000021225c43ac0, 0x0000021225d9d500, 0x0000021225d9dde0,
0x0000021228a41020, 0x00000212288c8580, 0x000002122778b030, 0x000002122737f010,
0x00000212270dcfb0, 0x00000212272dcf40, 0x00000212272dd410, 0x00000212269525b0,
0x0000021226954290, 0x00000212269555d0, 0x0000021226954760, 0x0000021226952a80,
0x0000021226954c30, 0x0000021226955100, 0x0000021226953420, 0x0000021226952f50,
0x00000212269538f0, 0x0000021226955aa0, 0x00000212269520e0, 0x000002122adb2be0,
0x000002122adb13d0, 0x000002122adaf6f0, 0x000002122adb1d70, 0x000002122adb2240,
0x000002122adafbc0, 0x000002122adb2710, 0x00000212280cf880, 0x00000212280ce540,
0x00000212280cdba0, 0x00000212280ceee0, 0x00000212280cf3b0, 0x00000212280cc390,
0x00000212280d0220, 0x00000212280cfd50, 0x00000212280d06f0, 0x00000212280d23d0,
0x00000212280d1090, 0x00000212280d1560, 0x00000212280d1a30, 0x00000212280d1f00,
0x00000212280d28a0, 0x00000212280ce070, 0x00000212280d2d70, 0x00000212280d3240,
0x00000212280cb9f0, 0x00000212280cbec0, 0x00000212280cc860, 0x00000212280ccd30,
0x00000212280cd200, 0x00000212280cd6d0, 0x00000212274ad370, 0x00000212274a99b0,
0x00000212274abb60, 0x00000212274ae1e0, 0x00000212274a8b40, 0x00000212274af050,
0x00000212274aa820, 0x00000212274ac9d0, 0x00000212274ac030, 0x00000212274afec0,
0x00000212274a9010, 0x00000212274aeb80, 0x00000212274af520, 0x00000212274ac500,
0x00000212274acea0, 0x00000212274aa350, 0x00000212274ad840, 0x00000212274add10,
0x00000212274ab690, 0x00000212274ae6b0, 0x00000212274a94e0, 0x00000212274a9e80,
0x00000212274aacf0, 0x00000212274ab1c0, 0x000002122a9938b0, 0x000002122a9920a0,
0x000002122a992570, 0x000002122a992f10, 0x0000021226953dc0, 0x000002122e47a470,
0x000002122e47cfc0, 0x0000021226def3e0
}

Java Threads: ( => current thread )
  0x000002120cf9fc70 JavaThread "main" [_thread_blocked, id=11696, stack(0x0000002e41e00000,0x0000002e41f00000)]
  0x0000021225242060 JavaThread "Reference Handler" daemon [_thread_blocked, id=7036, stack(0x0000002e42500000,0x0000002e42600000)]
  0x00000212252429f0 JavaThread "Finalizer" daemon [_thread_blocked, id=10216, stack(0x0000002e42600000,0x0000002e42700000)]
  0x000002122528a240 JavaThread "Signal Dispatcher" daemon [_thread_blocked, id=12784, stack(0x0000002e42700000,0x0000002e42800000)]
  0x000002122528d830 JavaThread "Attach Listener" daemon [_thread_blocked, id=12856, stack(0x0000002e42800000,0x0000002e42900000)]
  0x000002122528dd00 JavaThread "Service Thread" daemon [_thread_blocked, id=6360, stack(0x0000002e42900000,0x0000002e42a00000)]
  0x00000212252941f0 JavaThread "Monitor Deflation Thread" daemon [_thread_blocked, id=5760, stack(0x0000002e42a00000,0x0000002e42b00000)]
=>0x0000021225c2f080 JavaThread "C2 CompilerThread0" daemon [_thread_in_native, id=2820, stack(0x0000002e42b00000,0x0000002e42c00000)]
  0x0000021225c395b0 JavaThread "C1 CompilerThread0" daemon [_thread_blocked, id=480, stack(0x0000002e42c00000,0x0000002e42d00000)]
  0x0000021225c43ac0 JavaThread "Sweeper thread" daemon [_thread_blocked, id=4424, stack(0x0000002e42d00000,0x0000002e42e00000)]
  0x0000021225d9d500 JavaThread "Common-Cleaner" daemon [_thread_blocked, id=5204, stack(0x0000002e42e00000,0x0000002e42f00000)]
  0x0000021225d9dde0 JavaThread "Notification Thread" daemon [_thread_blocked, id=11120, stack(0x0000002e42f00000,0x0000002e43000000)]
  0x0000021228a41020 JavaThread "Daemon health stats" [_thread_blocked, id=3960, stack(0x0000002e43500000,0x0000002e43600000)]
  0x00000212288c8580 JavaThread "Incoming local TCP Connector on port 50356" [_thread_in_native, id=5708, stack(0x0000002e43600000,0x0000002e43700000)]
  0x000002122778b030 JavaThread "Daemon periodic checks" [_thread_blocked, id=11300, stack(0x0000002e43700000,0x0000002e43800000)]
  0x000002122737f010 JavaThread "Daemon" [_thread_blocked, id=12188, stack(0x0000002e43100000,0x0000002e43200000)]
  0x00000212270dcfb0 JavaThread "Handler for socket connection from /127.0.0.1:50356 to /127.0.0.1:50358" [_thread_in_native, id=5704, stack(0x0000002e43800000,0x0000002e43900000)]
  0x00000212272dcf40 JavaThread "Cancel handler" [_thread_blocked, id=10848, stack(0x0000002e43900000,0x0000002e43a00000)]
  0x00000212272dd410 JavaThread "Daemon worker" [_thread_blocked, id=2988, stack(0x0000002e43a00000,0x0000002e43b00000)]
  0x00000212269525b0 JavaThread "Asynchronous log dispatcher for DefaultDaemonConnection: socket connection from /127.0.0.1:50356 to /127.0.0.1:50358" [_thread_blocked, id=1444, stack(0x0000002e43b00000,0x0000002e43c00000)]
  0x0000021226954290 JavaThread "Stdin handler" [_thread_blocked, id=13268, stack(0x0000002e43c00000,0x0000002e43d00000)]
  0x00000212269555d0 JavaThread "Daemon client event forwarder" [_thread_blocked, id=10384, stack(0x0000002e43d00000,0x0000002e43e00000)]
  0x0000021226954760 JavaThread "Cache worker for journal cache (C:\Users\Dana\.gradle\caches\journal-1)" [_thread_blocked, id=2168, stack(0x0000002e43e00000,0x0000002e43f00000)]
  0x0000021226952a80 JavaThread "File lock request listener" [_thread_in_native, id=8360, stack(0x0000002e43f00000,0x0000002e44000000)]
  0x0000021226954c30 JavaThread "Cache worker for file hash cache (C:\Users\Dana\.gradle\caches\7.5\fileHashes)" [_thread_blocked, id=9520, stack(0x0000002e44000000,0x0000002e44100000)]
  0x0000021226955100 JavaThread "File watcher server" daemon [_thread_in_native, id=8468, stack(0x0000002e44200000,0x0000002e44300000)]
  0x0000021226953420 JavaThread "File watcher consumer" daemon [_thread_blocked, id=9228, stack(0x0000002e44300000,0x0000002e44400000)]
  0x0000021226952f50 JavaThread "Cache worker for checksums cache (D:\parkinson_project\android\.gradle\7.5\checksums)" [_thread_blocked, id=11820, stack(0x0000002e44400000,0x0000002e44500000)]
  0x00000212269538f0 JavaThread "Cache worker for cache directory md-rule (C:\Users\Dana\.gradle\caches\7.5\md-rule)" [_thread_blocked, id=9052, stack(0x0000002e44500000,0x0000002e44600000)]
  0x0000021226955aa0 JavaThread "Cache worker for file content cache (C:\Users\Dana\.gradle\caches\7.5\fileContent)" [_thread_blocked, id=2560, stack(0x0000002e44600000,0x0000002e44700000)]
  0x00000212269520e0 JavaThread "Cache worker for file hash cache (D:\parkinson_project\android\.gradle\7.5\fileHashes)" [_thread_blocked, id=9932, stack(0x0000002e44700000,0x0000002e44800000)]
  0x000002122adb2be0 JavaThread "Cache worker for cache directory md-supplier (C:\Users\Dana\.gradle\caches\7.5\md-supplier)" [_thread_blocked, id=8572, stack(0x0000002e44800000,0x0000002e44900000)]
  0x000002122adb13d0 JavaThread "Cache worker for execution history cache (C:\Users\Dana\.gradle\caches\7.5\executionHistory)" [_thread_blocked, id=7384, stack(0x0000002e44900000,0x0000002e44a00000)]
  0x000002122adaf6f0 JavaThread "jar transforms" [_thread_blocked, id=12768, stack(0x0000002e44b00000,0x0000002e44c00000)]
  0x000002122adb1d70 JavaThread "jar transforms Thread 2" [_thread_blocked, id=3628, stack(0x0000002e44c00000,0x0000002e44d00000)]
  0x000002122adb2240 JavaThread "jar transforms Thread 3" [_thread_blocked, id=2792, stack(0x0000002e44d00000,0x0000002e44e00000)]
  0x000002122adafbc0 JavaThread "jar transforms Thread 4" [_thread_blocked, id=3132, stack(0x0000002e44e00000,0x0000002e44f00000)]
  0x000002122adb2710 JavaThread "Cache worker for dependencies-accessors (D:\parkinson_project\android\.gradle\7.5\dependencies-accessors)" [_thread_blocked, id=10280, stack(0x0000002e44f00000,0x0000002e45000000)]
  0x00000212280cf880 JavaThread "Cache worker for Build Output Cleanup Cache (D:\parkinson_project\android\.gradle\buildOutputCleanup)" [_thread_blocked, id=8396, stack(0x0000002e45000000,0x0000002e45100000)]
  0x00000212280ce540 JavaThread "Unconstrained build operations" [_thread_blocked, id=9168, stack(0x0000002e45100000,0x0000002e45200000)]
  0x00000212280cdba0 JavaThread "Unconstrained build operations Thread 2" [_thread_blocked, id=10632, stack(0x0000002e45200000,0x0000002e45300000)]
  0x00000212280ceee0 JavaThread "Unconstrained build operations Thread 3" [_thread_blocked, id=9824, stack(0x0000002e45300000,0x0000002e45400000)]
  0x00000212280cf3b0 JavaThread "Unconstrained build operations Thread 4" [_thread_blocked, id=4760, stack(0x0000002e45400000,0x0000002e45500000)]
  0x00000212280cc390 JavaThread "Unconstrained build operations Thread 5" [_thread_blocked, id=3248, stack(0x0000002e45500000,0x0000002e45600000)]
  0x00000212280d0220 JavaThread "Unconstrained build operations Thread 6" [_thread_blocked, id=7688, stack(0x0000002e45600000,0x0000002e45700000)]
  0x00000212280cfd50 JavaThread "Unconstrained build operations Thread 7" [_thread_blocked, id=11572, stack(0x0000002e45700000,0x0000002e45800000)]
  0x00000212280d06f0 JavaThread "Unconstrained build operations Thread 8" [_thread_blocked, id=13296, stack(0x0000002e45800000,0x0000002e45900000)]
  0x00000212280d23d0 JavaThread "Unconstrained build operations Thread 9" [_thread_blocked, id=12812, stack(0x0000002e45900000,0x0000002e45a00000)]
  0x00000212280d1090 JavaThread "Unconstrained build operations Thread 10" [_thread_blocked, id=5004, stack(0x0000002e45a00000,0x0000002e45b00000)]
  0x00000212280d1560 JavaThread "Unconstrained build operations Thread 11" [_thread_blocked, id=12292, stack(0x0000002e45b00000,0x0000002e45c00000)]
  0x00000212280d1a30 JavaThread "Unconstrained build operations Thread 12" [_thread_blocked, id=6112, stack(0x0000002e45c00000,0x0000002e45d00000)]
  0x00000212280d1f00 JavaThread "Unconstrained build operations Thread 13" [_thread_blocked, id=11288, stack(0x0000002e45d00000,0x0000002e45e00000)]
  0x00000212280d28a0 JavaThread "Unconstrained build operations Thread 14" [_thread_blocked, id=7264, stack(0x0000002e45e00000,0x0000002e45f00000)]
  0x00000212280ce070 JavaThread "Unconstrained build operations Thread 15" [_thread_blocked, id=5356, stack(0x0000002e45f00000,0x0000002e46000000)]
  0x00000212280d2d70 JavaThread "Unconstrained build operations Thread 16" [_thread_blocked, id=3964, stack(0x0000002e46000000,0x0000002e46100000)]
  0x00000212280d3240 JavaThread "Unconstrained build operations Thread 17" [_thread_blocked, id=9536, stack(0x0000002e46100000,0x0000002e46200000)]
  0x00000212280cb9f0 JavaThread "Unconstrained build operations Thread 18" [_thread_blocked, id=1400, stack(0x0000002e46200000,0x0000002e46300000)]
  0x00000212280cbec0 JavaThread "Unconstrained build operations Thread 19" [_thread_blocked, id=5456, stack(0x0000002e46300000,0x0000002e46400000)]
  0x00000212280cc860 JavaThread "Unconstrained build operations Thread 20" [_thread_blocked, id=11844, stack(0x0000002e46400000,0x0000002e46500000)]
  0x00000212280ccd30 JavaThread "Unconstrained build operations Thread 21" [_thread_blocked, id=2116, stack(0x0000002e46500000,0x0000002e46600000)]
  0x00000212280cd200 JavaThread "Unconstrained build operations Thread 22" [_thread_blocked, id=10696, stack(0x0000002e46600000,0x0000002e46700000)]
  0x00000212280cd6d0 JavaThread "Unconstrained build operations Thread 23" [_thread_blocked, id=2944, stack(0x0000002e46700000,0x0000002e46800000)]
  0x00000212274ad370 JavaThread "Unconstrained build operations Thread 24" [_thread_blocked, id=1900, stack(0x0000002e46800000,0x0000002e46900000)]
  0x00000212274a99b0 JavaThread "Unconstrained build operations Thread 25" [_thread_blocked, id=7536, stack(0x0000002e46900000,0x0000002e46a00000)]
  0x00000212274abb60 JavaThread "Unconstrained build operations Thread 26" [_thread_blocked, id=6728, stack(0x0000002e46a00000,0x0000002e46b00000)]
  0x00000212274ae1e0 JavaThread "Unconstrained build operations Thread 27" [_thread_blocked, id=13080, stack(0x0000002e46b00000,0x0000002e46c00000)]
  0x00000212274a8b40 JavaThread "Unconstrained build operations Thread 28" [_thread_blocked, id=9684, stack(0x0000002e46c00000,0x0000002e46d00000)]
  0x00000212274af050 JavaThread "Unconstrained build operations Thread 29" [_thread_blocked, id=2676, stack(0x0000002e46d00000,0x0000002e46e00000)]
  0x00000212274aa820 JavaThread "Unconstrained build operations Thread 30" [_thread_blocked, id=2660, stack(0x0000002e46e00000,0x0000002e46f00000)]
  0x00000212274ac9d0 JavaThread "Unconstrained build operations Thread 31" [_thread_blocked, id=5616, stack(0x0000002e46f00000,0x0000002e47000000)]
  0x00000212274ac030 JavaThread "Unconstrained build operations Thread 32" [_thread_blocked, id=1752, stack(0x0000002e47000000,0x0000002e47100000)]
  0x00000212274afec0 JavaThread "Unconstrained build operations Thread 33" [_thread_blocked, id=12828, stack(0x0000002e47100000,0x0000002e47200000)]
  0x00000212274a9010 JavaThread "Unconstrained build operations Thread 34" [_thread_blocked, id=9552, stack(0x0000002e47200000,0x0000002e47300000)]
  0x00000212274aeb80 JavaThread "Unconstrained build operations Thread 35" [_thread_blocked, id=12064, stack(0x0000002e47300000,0x0000002e47400000)]
  0x00000212274af520 JavaThread "Unconstrained build operations Thread 36" [_thread_blocked, id=556, stack(0x0000002e47400000,0x0000002e47500000)]
  0x00000212274ac500 JavaThread "Unconstrained build operations Thread 37" [_thread_blocked, id=2220, stack(0x0000002e47500000,0x0000002e47600000)]
  0x00000212274acea0 JavaThread "Unconstrained build operations Thread 38" [_thread_blocked, id=4728, stack(0x0000002e47600000,0x0000002e47700000)]
  0x00000212274aa350 JavaThread "Unconstrained build operations Thread 39" [_thread_blocked, id=8116, stack(0x0000002e47700000,0x0000002e47800000)]
  0x00000212274ad840 JavaThread "Unconstrained build operations Thread 40" [_thread_blocked, id=1832, stack(0x0000002e47800000,0x0000002e47900000)]
  0x00000212274add10 JavaThread "Cache worker for kotlin-dsl (C:\Users\Dana\.gradle\caches\7.5\kotlin-dsl)" [_thread_blocked, id=7996, stack(0x0000002e47900000,0x0000002e47a00000)]
  0x00000212274ab690 JavaThread "Cache worker for Build Output Cleanup Cache (C:\flutter_windows_3.13.9-stable\flutter\packages\flutter_tools\gradle\.gradle\buildOutputCleanup)" [_thread_blocked, id=248, stack(0x0000002e47a00000,0x0000002e47b00000)]
  0x00000212274ae6b0 JavaThread "Memory manager" [_thread_blocked, id=12244, stack(0x0000002e47b00000,0x0000002e47c00000)]
  0x00000212274a94e0 JavaThread "included builds" [_thread_blocked, id=8480, stack(0x0000002e47c00000,0x0000002e47d00000)]
  0x00000212274a9e80 JavaThread "Execution worker" [_thread_blocked, id=12988, stack(0x0000002e47d00000,0x0000002e47e00000)]
  0x00000212274aacf0 JavaThread "Execution worker Thread 2" [_thread_blocked, id=1248, stack(0x0000002e47e00000,0x0000002e47f00000)]
  0x00000212274ab1c0 JavaThread "Execution worker Thread 3" [_thread_blocked, id=4888, stack(0x0000002e47f00000,0x0000002e48000000)]
  0x000002122a9938b0 JavaThread "Cache worker for execution history cache (C:\flutter_windows_3.13.9-stable\flutter\packages\flutter_tools\gradle\.gradle\7.5\executionHistory)" [_thread_blocked, id=8240, stack(0x0000002e48000000,0x0000002e48100000)]
  0x000002122a9920a0 JavaThread "pool-3-thread-1" [_thread_blocked, id=7400, stack(0x0000002e48300000,0x0000002e48400000)]
  0x000002122a992570 JavaThread "build event listener" [_thread_blocked, id=1256, stack(0x0000002e48400000,0x0000002e48500000)]
  0x000002122a992f10 JavaThread "Cache worker for execution history cache (D:\parkinson_project\android\.gradle\7.5\executionHistory)" [_thread_blocked, id=8968, stack(0x0000002e48500000,0x0000002e48600000)]
  0x0000021226953dc0 JavaThread "Exec process" [_thread_in_native, id=10480, stack(0x0000002e48600000,0x0000002e48700000)]
  0x000002122e47a470 JavaThread "Exec process Thread 2" [_thread_in_native, id=272, stack(0x0000002e48700000,0x0000002e48800000)]
  0x000002122e47cfc0 JavaThread "Exec process Thread 3" [_thread_in_native, id=11620, stack(0x0000002e48800000,0x0000002e48900000)]
  0x0000021226def3e0 JavaThread "C2 CompilerThread1" daemon [_thread_in_native, id=1368, stack(0x0000002e44100000,0x0000002e44200000)]

Other Threads:
  0x000002122523e430 VMThread "VM Thread" [stack: 0x0000002e42400000,0x0000002e42500000] [id=2948]
  0x0000021225db64b0 WatcherThread [stack: 0x0000002e43000000,0x0000002e43100000] [id=7424]
  0x000002120cfea6d0 GCTaskThread "GC Thread#0" [stack: 0x0000002e41f00000,0x0000002e42000000] [id=4896]
  0x00000212262fed20 GCTaskThread "GC Thread#1" [stack: 0x0000002e43200000,0x0000002e43300000] [id=5988]
  0x0000021225f553f0 GCTaskThread "GC Thread#2" [stack: 0x0000002e43300000,0x0000002e43400000] [id=5400]
  0x0000021226aa0990 GCTaskThread "GC Thread#3" [stack: 0x0000002e43400000,0x0000002e43500000] [id=12284]
  0x000002120cff7520 ConcurrentGCThread "G1 Main Marker" [stack: 0x0000002e42000000,0x0000002e42100000] [id=4712]
  0x000002120cffa600 ConcurrentGCThread "G1 Conc#0" [stack: 0x0000002e42100000,0x0000002e42200000] [id=6484]
  0x000002120d064a30 ConcurrentGCThread "G1 Refine#0" [stack: 0x0000002e42200000,0x0000002e42300000] [id=8576]
  0x000002122b7319d0 ConcurrentGCThread "G1 Refine#1" [stack: 0x0000002e44a00000,0x0000002e44b00000] [id=8956]
  0x000002120d064f70 ConcurrentGCThread "G1 Service" [stack: 0x0000002e42300000,0x0000002e42400000] [id=11240]

Threads with active compile tasks:
C2 CompilerThread0    46328 16180       4       org.gradle.internal.logging.text.AbstractLineChoppingStyledTextOutput$1::execute (9 bytes)
C2 CompilerThread1    46328 16207       4       org.gradle.internal.logging.text.AbstractLineChoppingStyledTextOutput::doAppend (43 bytes)

VM state: not at safepoint (normal execution)

VM Mutex/Monitor currently owned by a thread: None

Heap address: 0x00000000a0000000, size: 1536 MB, Compressed Oops mode: 32-bit

CDS archive(s) not mapped
Compressed class space mapped at: 0x0000000100000000-0x0000000140000000, reserved size: 1073741824
Narrow klass base: 0x0000000000000000, Narrow klass shift: 3, Narrow klass range: 0x140000000

GC Precious Log:
 CPUs: 4 total, 4 available
 Memory: 8066M
 Large Page Support: Disabled
 NUMA Support: Disabled
 Compressed Oops: Enabled (32-bit)
 Heap Region Size: 1M
 Heap Min Capacity: 8M
 Heap Initial Capacity: 128M
 Heap Max Capacity: 1536M
 Pre-touch: Disabled
 Parallel Workers: 4
 Concurrent Workers: 1
 Concurrent Refinement Workers: 4
 Periodic GC: Disabled

Heap:
 garbage-first heap   total 276480K, used 209307K [0x00000000a0000000, 0x0000000100000000)
  region size 1024K, 52 young (53248K), 7 survivors (7168K)
 Metaspace       used 109965K, committed 111104K, reserved 1146880K
  class space    used 14900K, committed 15424K, reserved 1048576K

Heap Regions: E=young(eden), S=young(survivor), O=old, HS=humongous(starts), HC=humongous(continues), CS=collection set, F=free, OA=open archive, CA=closed archive, TAMS=top-at-mark-start (previous, next)
|   0|0x00000000a0000000, 0x00000000a0100000, 0x00000000a0100000|100%|HS|  |TAMS 0x00000000a0100000, 0x00000000a0000000| Complete 
|   1|0x00000000a0100000, 0x00000000a0200000, 0x00000000a0200000|100%|HC|  |TAMS 0x00000000a0200000, 0x00000000a0100000| Complete 
|   2|0x00000000a0200000, 0x00000000a0300000, 0x00000000a0300000|100%|HC|  |TAMS 0x00000000a0300000, 0x00000000a0200000| Complete 
|   3|0x00000000a0300000, 0x00000000a0400000, 0x00000000a0400000|100%| O|  |TAMS 0x00000000a0400000, 0x00000000a0300000| Untracked 
|   4|0x00000000a0400000, 0x00000000a0500000, 0x00000000a0500000|100%| O|  |TAMS 0x00000000a0500000, 0x00000000a0400000| Untracked 
|   5|0x00000000a0500000, 0x00000000a0600000, 0x00000000a0600000|100%| O|  |TAMS 0x00000000a0600000, 0x00000000a0500000| Untracked 
|   6|0x00000000a0600000, 0x00000000a0700000, 0x00000000a0700000|100%| O|  |TAMS 0x00000000a0700000, 0x00000000a0600000| Untracked 
|   7|0x00000000a0700000, 0x00000000a0800000, 0x00000000a0800000|100%| O|  |TAMS 0x00000000a0800000, 0x00000000a0700000| Untracked 
|   8|0x00000000a0800000, 0x00000000a0900000, 0x00000000a0900000|100%| O|  |TAMS 0x00000000a0900000, 0x00000000a0800000| Untracked 
|   9|0x00000000a0900000, 0x00000000a0a00000, 0x00000000a0a00000|100%| O|  |TAMS 0x00000000a0a00000, 0x00000000a0900000| Untracked 
|  10|0x00000000a0a00000, 0x00000000a0b00000, 0x00000000a0b00000|100%| O|  |TAMS 0x00000000a0b00000, 0x00000000a0a00000| Untracked 
|  11|0x00000000a0b00000, 0x00000000a0c00000, 0x00000000a0c00000|100%| O|  |TAMS 0x00000000a0c00000, 0x00000000a0b00000| Untracked 
|  12|0x00000000a0c00000, 0x00000000a0d00000, 0x00000000a0d00000|100%| O|  |TAMS 0x00000000a0d00000, 0x00000000a0c00000| Untracked 
|  13|0x00000000a0d00000, 0x00000000a0e00000, 0x00000000a0e00000|100%| O|  |TAMS 0x00000000a0e00000, 0x00000000a0d00000| Untracked 
|  14|0x00000000a0e00000, 0x00000000a0f00000, 0x00000000a0f00000|100%| O|  |TAMS 0x00000000a0f00000, 0x00000000a0e00000| Untracked 
|  15|0x00000000a0f00000, 0x00000000a1000000, 0x00000000a1000000|100%| O|  |TAMS 0x00000000a1000000, 0x00000000a0f00000| Untracked 
|  16|0x00000000a1000000, 0x00000000a1100000, 0x00000000a1100000|100%| O|  |TAMS 0x00000000a1100000, 0x00000000a1000000| Untracked 
|  17|0x00000000a1100000, 0x00000000a1200000, 0x00000000a1200000|100%| O|  |TAMS 0x00000000a1200000, 0x00000000a1100000| Untracked 
|  18|0x00000000a1200000, 0x00000000a1300000, 0x00000000a1300000|100%| O|  |TAMS 0x00000000a1300000, 0x00000000a1200000| Untracked 
|  19|0x00000000a1300000, 0x00000000a1400000, 0x00000000a1400000|100%| O|  |TAMS 0x00000000a1400000, 0x00000000a1300000| Untracked 
|  20|0x00000000a1400000, 0x00000000a1500000, 0x00000000a1500000|100%| O|  |TAMS 0x00000000a1500000, 0x00000000a1400000| Untracked 
|  21|0x00000000a1500000, 0x00000000a1600000, 0x00000000a1600000|100%| O|  |TAMS 0x00000000a1600000, 0x00000000a1500000| Untracked 
|  22|0x00000000a1600000, 0x00000000a1700000, 0x00000000a1700000|100%| O|  |TAMS 0x00000000a1700000, 0x00000000a1600000| Untracked 
|  23|0x00000000a1700000, 0x00000000a1800000, 0x00000000a1800000|100%| O|  |TAMS 0x00000000a1800000, 0x00000000a1700000| Untracked 
|  24|0x00000000a1800000, 0x00000000a1900000, 0x00000000a1900000|100%| O|  |TAMS 0x00000000a1900000, 0x00000000a1800000| Untracked 
|  25|0x00000000a1900000, 0x00000000a1a00000, 0x00000000a1a00000|100%| O|  |TAMS 0x00000000a1a00000, 0x00000000a1900000| Untracked 
|  26|0x00000000a1a00000, 0x00000000a1b00000, 0x00000000a1b00000|100%| O|  |TAMS 0x00000000a1b00000, 0x00000000a1a00000| Untracked 
|  27|0x00000000a1b00000, 0x00000000a1c00000, 0x00000000a1c00000|100%| O|  |TAMS 0x00000000a1c00000, 0x00000000a1b00000| Untracked 
|  28|0x00000000a1c00000, 0x00000000a1d00000, 0x00000000a1d00000|100%| O|  |TAMS 0x00000000a1d00000, 0x00000000a1c00000| Untracked 
|  29|0x00000000a1d00000, 0x00000000a1e00000, 0x00000000a1e00000|100%| O|  |TAMS 0x00000000a1e00000, 0x00000000a1d00000| Untracked 
|  30|0x00000000a1e00000, 0x00000000a1f00000, 0x00000000a1f00000|100%| O|  |TAMS 0x00000000a1f00000, 0x00000000a1e00000| Untracked 
|  31|0x00000000a1f00000, 0x00000000a2000000, 0x00000000a2000000|100%| O|  |TAMS 0x00000000a2000000, 0x00000000a1f00000| Untracked 
|  32|0x00000000a2000000, 0x00000000a2100000, 0x00000000a2100000|100%|HS|  |TAMS 0x00000000a2100000, 0x00000000a2000000| Complete 
|  33|0x00000000a2100000, 0x00000000a2200000, 0x00000000a2200000|100%|HS|  |TAMS 0x00000000a2200000, 0x00000000a2100000| Complete 
|  34|0x00000000a2200000, 0x00000000a2300000, 0x00000000a2300000|100%|HS|  |TAMS 0x00000000a2300000, 0x00000000a2200000| Complete 
|  35|0x00000000a2300000, 0x00000000a2400000, 0x00000000a2400000|100%| O|  |TAMS 0x00000000a2400000, 0x00000000a2300000| Untracked 
|  36|0x00000000a2400000, 0x00000000a2500000, 0x00000000a2500000|100%| O|  |TAMS 0x00000000a2500000, 0x00000000a2400000| Untracked 
|  37|0x00000000a2500000, 0x00000000a2600000, 0x00000000a2600000|100%| O|  |TAMS 0x00000000a2600000, 0x00000000a2500000| Untracked 
|  38|0x00000000a2600000, 0x00000000a2700000, 0x00000000a2700000|100%|HS|  |TAMS 0x00000000a2700000, 0x00000000a2600000| Complete 
|  39|0x00000000a2700000, 0x00000000a2800000, 0x00000000a2800000|100%|HC|  |TAMS 0x00000000a2800000, 0x00000000a2700000| Complete 
|  40|0x00000000a2800000, 0x00000000a2900000, 0x00000000a2900000|100%|HC|  |TAMS 0x00000000a2900000, 0x00000000a2800000| Complete 
|  41|0x00000000a2900000, 0x00000000a2a00000, 0x00000000a2a00000|100%| O|  |TAMS 0x00000000a2a00000, 0x00000000a2900000| Untracked 
|  42|0x00000000a2a00000, 0x00000000a2b00000, 0x00000000a2b00000|100%| O|  |TAMS 0x00000000a2b00000, 0x00000000a2a00000| Untracked 
|  43|0x00000000a2b00000, 0x00000000a2c00000, 0x00000000a2c00000|100%| O|  |TAMS 0x00000000a2c00000, 0x00000000a2b00000| Untracked 
|  44|0x00000000a2c00000, 0x00000000a2d00000, 0x00000000a2d00000|100%| O|  |TAMS 0x00000000a2d00000, 0x00000000a2c00000| Untracked 
|  45|0x00000000a2d00000, 0x00000000a2e00000, 0x00000000a2e00000|100%| O|  |TAMS 0x00000000a2d00000, 0x00000000a2d00000| Untracked 
|  46|0x00000000a2e00000, 0x00000000a2f00000, 0x00000000a2f00000|100%|HS|  |TAMS 0x00000000a2f00000, 0x00000000a2e00000| Complete 
|  47|0x00000000a2f00000, 0x00000000a3000000, 0x00000000a3000000|100%|HC|  |TAMS 0x00000000a3000000, 0x00000000a2f00000| Complete 
|  48|0x00000000a3000000, 0x00000000a3100000, 0x00000000a3100000|100%| O|  |TAMS 0x00000000a3100000, 0x00000000a3000000| Untracked 
|  49|0x00000000a3100000, 0x00000000a3200000, 0x00000000a3200000|100%| O|  |TAMS 0x00000000a3200000, 0x00000000a3100000| Untracked 
|  50|0x00000000a3200000, 0x00000000a3300000, 0x00000000a3300000|100%| O|  |TAMS 0x00000000a3300000, 0x00000000a3200000| Untracked 
|  51|0x00000000a3300000, 0x00000000a3400000, 0x00000000a3400000|100%| O|  |TAMS 0x00000000a3400000, 0x00000000a3300000| Untracked 
|  52|0x00000000a3400000, 0x00000000a3500000, 0x00000000a3500000|100%| O|  |TAMS 0x00000000a3500000, 0x00000000a3400000| Untracked 
|  53|0x00000000a3500000, 0x00000000a3600000, 0x00000000a3600000|100%| O|  |TAMS 0x00000000a3600000, 0x00000000a3500000| Untracked 
|  54|0x00000000a3600000, 0x00000000a3700000, 0x00000000a3700000|100%| O|  |TAMS 0x00000000a3700000, 0x00000000a3600000| Untracked 
|  55|0x00000000a3700000, 0x00000000a3800000, 0x00000000a3800000|100%| O|  |TAMS 0x00000000a3800000, 0x00000000a3700000| Untracked 
|  56|0x00000000a3800000, 0x00000000a3900000, 0x00000000a3900000|100%| O|  |TAMS 0x00000000a3900000, 0x00000000a3800000| Untracked 
|  57|0x00000000a3900000, 0x00000000a3a00000, 0x00000000a3a00000|100%| O|  |TAMS 0x00000000a3a00000, 0x00000000a3900000| Untracked 
|  58|0x00000000a3a00000, 0x00000000a3b00000, 0x00000000a3b00000|100%| O|  |TAMS 0x00000000a3b00000, 0x00000000a3a00000| Untracked 
|  59|0x00000000a3b00000, 0x00000000a3c00000, 0x00000000a3c00000|100%| O|  |TAMS 0x00000000a3c00000, 0x00000000a3b00000| Untracked 
|  60|0x00000000a3c00000, 0x00000000a3d00000, 0x00000000a3d00000|100%| O|  |TAMS 0x00000000a3d00000, 0x00000000a3c00000| Untracked 
|  61|0x00000000a3d00000, 0x00000000a3e00000, 0x00000000a3e00000|100%| O|  |TAMS 0x00000000a3e00000, 0x00000000a3d00000| Untracked 
|  62|0x00000000a3e00000, 0x00000000a3f00000, 0x00000000a3f00000|100%| O|  |TAMS 0x00000000a3f00000, 0x00000000a3e00000| Untracked 
|  63|0x00000000a3f00000, 0x00000000a4000000, 0x00000000a4000000|100%| O|  |TAMS 0x00000000a4000000, 0x00000000a3f00000| Untracked 
|  64|0x00000000a4000000, 0x00000000a4100000, 0x00000000a4100000|100%| O|  |TAMS 0x00000000a4100000, 0x00000000a4000000| Untracked 
|  65|0x00000000a4100000, 0x00000000a4200000, 0x00000000a4200000|100%| O|  |TAMS 0x00000000a4200000, 0x00000000a4100000| Untracked 
|  66|0x00000000a4200000, 0x00000000a4300000, 0x00000000a4300000|100%| O|  |TAMS 0x00000000a4300000, 0x00000000a4200000| Untracked 
|  67|0x00000000a4300000, 0x00000000a4400000, 0x00000000a4400000|100%| O|  |TAMS 0x00000000a4400000, 0x00000000a4300000| Untracked 
|  68|0x00000000a4400000, 0x00000000a4500000, 0x00000000a4500000|100%| O|  |TAMS 0x00000000a4500000, 0x00000000a4400000| Untracked 
|  69|0x00000000a4500000, 0x00000000a4600000, 0x00000000a4600000|100%| O|  |TAMS 0x00000000a4600000, 0x00000000a4500000| Untracked 
|  70|0x00000000a4600000, 0x00000000a4700000, 0x00000000a4700000|100%| O|  |TAMS 0x00000000a4700000, 0x00000000a4600000| Untracked 
|  71|0x00000000a4700000, 0x00000000a4800000, 0x00000000a4800000|100%| O|  |TAMS 0x00000000a4800000, 0x00000000a4700000| Untracked 
|  72|0x00000000a4800000, 0x00000000a4900000, 0x00000000a4900000|100%| O|  |TAMS 0x00000000a4900000, 0x00000000a4800000| Untracked 
|  73|0x00000000a4900000, 0x00000000a4a00000, 0x00000000a4a00000|100%| O|  |TAMS 0x00000000a4a00000, 0x00000000a4900000| Untracked 
|  74|0x00000000a4a00000, 0x00000000a4b00000, 0x00000000a4b00000|100%|HS|  |TAMS 0x00000000a4b00000, 0x00000000a4a00000| Complete 
|  75|0x00000000a4b00000, 0x00000000a4c00000, 0x00000000a4c00000|100%| O|  |TAMS 0x00000000a4c00000, 0x00000000a4b00000| Untracked 
|  76|0x00000000a4c00000, 0x00000000a4d00000, 0x00000000a4d00000|100%| O|  |TAMS 0x00000000a4d00000, 0x00000000a4c00000| Untracked 
|  77|0x00000000a4d00000, 0x00000000a4e00000, 0x00000000a4e00000|100%| O|  |TAMS 0x00000000a4e00000, 0x00000000a4d00000| Untracked 
|  78|0x00000000a4e00000, 0x00000000a4f00000, 0x00000000a4f00000|100%| O|  |TAMS 0x00000000a4f00000, 0x00000000a4e00000| Untracked 
|  79|0x00000000a4f00000, 0x00000000a5000000, 0x00000000a5000000|100%| O|  |TAMS 0x00000000a5000000, 0x00000000a4f00000| Untracked 
|  80|0x00000000a5000000, 0x00000000a5100000, 0x00000000a5100000|100%| O|  |TAMS 0x00000000a5100000, 0x00000000a5000000| Untracked 
|  81|0x00000000a5100000, 0x00000000a5200000, 0x00000000a5200000|100%| O|  |TAMS 0x00000000a5200000, 0x00000000a5100000| Untracked 
|  82|0x00000000a5200000, 0x00000000a5300000, 0x00000000a5300000|100%| O|  |TAMS 0x00000000a5300000, 0x00000000a5200000| Untracked 
|  83|0x00000000a5300000, 0x00000000a5400000, 0x00000000a5400000|100%| O|  |TAMS 0x00000000a5400000, 0x00000000a5300000| Untracked 
|  84|0x00000000a5400000, 0x00000000a5500000, 0x00000000a5500000|100%| O|  |TAMS 0x00000000a5500000, 0x00000000a5400000| Untracked 
|  85|0x00000000a5500000, 0x00000000a5600000, 0x00000000a5600000|100%|HS|  |TAMS 0x00000000a5600000, 0x00000000a5500000| Complete 
|  86|0x00000000a5600000, 0x00000000a5700000, 0x00000000a5700000|100%|HC|  |TAMS 0x00000000a5700000, 0x00000000a5600000| Complete 
|  87|0x00000000a5700000, 0x00000000a5800000, 0x00000000a5800000|100%| O|  |TAMS 0x00000000a5800000, 0x00000000a5700000| Untracked 
|  88|0x00000000a5800000, 0x00000000a5900000, 0x00000000a5900000|100%| O|  |TAMS 0x00000000a5900000, 0x00000000a5800000| Untracked 
|  89|0x00000000a5900000, 0x00000000a5a00000, 0x00000000a5a00000|100%| O|  |TAMS 0x00000000a5a00000, 0x00000000a5900000| Untracked 
|  90|0x00000000a5a00000, 0x00000000a5b00000, 0x00000000a5b00000|100%| O|  |TAMS 0x00000000a5b00000, 0x00000000a5a00000| Untracked 
|  91|0x00000000a5b00000, 0x00000000a5c00000, 0x00000000a5c00000|100%| O|  |TAMS 0x00000000a5c00000, 0x00000000a5b00000| Untracked 
|  92|0x00000000a5c00000, 0x00000000a5d00000, 0x00000000a5d00000|100%| O|  |TAMS 0x00000000a5d00000, 0x00000000a5c00000| Untracked 
|  93|0x00000000a5d00000, 0x00000000a5e00000, 0x00000000a5e00000|100%| O|  |TAMS 0x00000000a5e00000, 0x00000000a5d00000| Untracked 
|  94|0x00000000a5e00000, 0x00000000a5f00000, 0x00000000a5f00000|100%| O|  |TAMS 0x00000000a5f00000, 0x00000000a5e00000| Untracked 
|  95|0x00000000a5f00000, 0x00000000a6000000, 0x00000000a6000000|100%| O|  |TAMS 0x00000000a5f00000, 0x00000000a5f00000| Untracked 
|  96|0x00000000a6000000, 0x00000000a6100000, 0x00000000a6100000|100%| O|  |TAMS 0x00000000a6100000, 0x00000000a6000000| Untracked 
|  97|0x00000000a6100000, 0x00000000a6200000, 0x00000000a6200000|100%| O|  |TAMS 0x00000000a6200000, 0x00000000a6100000| Untracked 
|  98|0x00000000a6200000, 0x00000000a6300000, 0x00000000a6300000|100%| O|  |TAMS 0x00000000a6300000, 0x00000000a6200000| Untracked 
|  99|0x00000000a6300000, 0x00000000a6400000, 0x00000000a6400000|100%| O|  |TAMS 0x00000000a6400000, 0x00000000a6300000| Untracked 
| 100|0x00000000a6400000, 0x00000000a6500000, 0x00000000a6500000|100%| O|  |TAMS 0x00000000a6500000, 0x00000000a6400000| Untracked 
| 101|0x00000000a6500000, 0x00000000a6600000, 0x00000000a6600000|100%| O|  |TAMS 0x00000000a6600000, 0x00000000a6500000| Untracked 
| 102|0x00000000a6600000, 0x00000000a6700000, 0x00000000a6700000|100%| O|  |TAMS 0x00000000a6700000, 0x00000000a6600000| Untracked 
| 103|0x00000000a6700000, 0x00000000a6800000, 0x00000000a6800000|100%| O|  |TAMS 0x00000000a6800000, 0x00000000a6700000| Untracked 
| 104|0x00000000a6800000, 0x00000000a6900000, 0x00000000a6900000|100%| O|  |TAMS 0x00000000a6900000, 0x00000000a6800000| Untracked 
| 105|0x00000000a6900000, 0x00000000a6a00000, 0x00000000a6a00000|100%| O|  |TAMS 0x00000000a6a00000, 0x00000000a6900000| Untracked 
| 106|0x00000000a6a00000, 0x00000000a6b00000, 0x00000000a6b00000|100%| O|  |TAMS 0x00000000a6b00000, 0x00000000a6a00000| Untracked 
| 107|0x00000000a6b00000, 0x00000000a6c00000, 0x00000000a6c00000|100%| O|  |TAMS 0x00000000a6b0f800, 0x00000000a6b00000| Untracked 
| 108|0x00000000a6c00000, 0x00000000a6d00000, 0x00000000a6d00000|100%| O|  |TAMS 0x00000000a6c00000, 0x00000000a6c00000| Untracked 
| 109|0x00000000a6d00000, 0x00000000a6e00000, 0x00000000a6e00000|100%| O|  |TAMS 0x00000000a6d00000, 0x00000000a6d00000| Untracked 
| 110|0x00000000a6e00000, 0x00000000a6f00000, 0x00000000a6f00000|100%| O|  |TAMS 0x00000000a6e00000, 0x00000000a6e00000| Untracked 
| 111|0x00000000a6f00000, 0x00000000a7000000, 0x00000000a7000000|100%| O|  |TAMS 0x00000000a6f00000, 0x00000000a6f00000| Untracked 
| 112|0x00000000a7000000, 0x00000000a7100000, 0x00000000a7100000|100%| O|  |TAMS 0x00000000a7000000, 0x00000000a7000000| Untracked 
| 113|0x00000000a7100000, 0x00000000a7200000, 0x00000000a7200000|100%| O|  |TAMS 0x00000000a7100000, 0x00000000a7100000| Untracked 
| 114|0x00000000a7200000, 0x00000000a7300000, 0x00000000a7300000|100%| O|  |TAMS 0x00000000a7200000, 0x00000000a7200000| Untracked 
| 115|0x00000000a7300000, 0x00000000a7400000, 0x00000000a7400000|100%| O|  |TAMS 0x00000000a7300000, 0x00000000a7300000| Untracked 
| 116|0x00000000a7400000, 0x00000000a7500000, 0x00000000a7500000|100%| O|  |TAMS 0x00000000a7400000, 0x00000000a7400000| Untracked 
| 117|0x00000000a7500000, 0x00000000a7600000, 0x00000000a7600000|100%| O|  |TAMS 0x00000000a7500000, 0x00000000a7500000| Untracked 
| 118|0x00000000a7600000, 0x00000000a7700000, 0x00000000a7700000|100%| O|  |TAMS 0x00000000a7600000, 0x00000000a7600000| Untracked 
| 119|0x00000000a7700000, 0x00000000a7800000, 0x00000000a7800000|100%| O|  |TAMS 0x00000000a7700000, 0x00000000a7700000| Untracked 
| 120|0x00000000a7800000, 0x00000000a7900000, 0x00000000a7900000|100%| O|  |TAMS 0x00000000a7800000, 0x00000000a7800000| Untracked 
| 121|0x00000000a7900000, 0x00000000a7a00000, 0x00000000a7a00000|100%| O|  |TAMS 0x00000000a7900000, 0x00000000a7900000| Untracked 
| 122|0x00000000a7a00000, 0x00000000a7b00000, 0x00000000a7b00000|100%| O|  |TAMS 0x00000000a7a00000, 0x00000000a7a00000| Untracked 
| 123|0x00000000a7b00000, 0x00000000a7c00000, 0x00000000a7c00000|100%| O|  |TAMS 0x00000000a7b00000, 0x00000000a7b00000| Untracked 
| 124|0x00000000a7c00000, 0x00000000a7d00000, 0x00000000a7d00000|100%| O|  |TAMS 0x00000000a7c00000, 0x00000000a7c00000| Untracked 
| 125|0x00000000a7d00000, 0x00000000a7e00000, 0x00000000a7e00000|100%| O|  |TAMS 0x00000000a7d00000, 0x00000000a7d00000| Untracked 
| 126|0x00000000a7e00000, 0x00000000a7f00000, 0x00000000a7f00000|100%| O|  |TAMS 0x00000000a7e00000, 0x00000000a7e00000| Untracked 
| 127|0x00000000a7f00000, 0x00000000a8000000, 0x00000000a8000000|100%| O|  |TAMS 0x00000000a7f00000, 0x00000000a7f00000| Untracked 
| 128|0x00000000a8000000, 0x00000000a8100000, 0x00000000a8100000|100%| O|  |TAMS 0x00000000a8000000, 0x00000000a8000000| Untracked 
| 129|0x00000000a8100000, 0x00000000a8200000, 0x00000000a8200000|100%| O|  |TAMS 0x00000000a8100000, 0x00000000a8100000| Untracked 
| 130|0x00000000a8200000, 0x00000000a8300000, 0x00000000a8300000|100%| O|  |TAMS 0x00000000a8200000, 0x00000000a8200000| Untracked 
| 131|0x00000000a8300000, 0x00000000a8400000, 0x00000000a8400000|100%| O|  |TAMS 0x00000000a8300000, 0x00000000a8300000| Untracked 
| 132|0x00000000a8400000, 0x00000000a8500000, 0x00000000a8500000|100%| O|  |TAMS 0x00000000a8400000, 0x00000000a8400000| Untracked 
| 133|0x00000000a8500000, 0x00000000a8600000, 0x00000000a8600000|100%| O|  |TAMS 0x00000000a8500000, 0x00000000a8500000| Untracked 
| 134|0x00000000a8600000, 0x00000000a8700000, 0x00000000a8700000|100%| O|  |TAMS 0x00000000a8600000, 0x00000000a8600000| Untracked 
| 135|0x00000000a8700000, 0x00000000a8800000, 0x00000000a8800000|100%| O|  |TAMS 0x00000000a8700000, 0x00000000a8700000| Untracked 
| 136|0x00000000a8800000, 0x00000000a8900000, 0x00000000a8900000|100%| O|  |TAMS 0x00000000a8800000, 0x00000000a8800000| Untracked 
| 137|0x00000000a8900000, 0x00000000a8a00000, 0x00000000a8a00000|100%| O|  |TAMS 0x00000000a8900000, 0x00000000a8900000| Untracked 
| 138|0x00000000a8a00000, 0x00000000a8b00000, 0x00000000a8b00000|100%| O|  |TAMS 0x00000000a8a00000, 0x00000000a8a00000| Untracked 
| 139|0x00000000a8b00000, 0x00000000a8c00000, 0x00000000a8c00000|100%| O|  |TAMS 0x00000000a8b00000, 0x00000000a8b00000| Untracked 
| 140|0x00000000a8c00000, 0x00000000a8d00000, 0x00000000a8d00000|100%| O|  |TAMS 0x00000000a8c00000, 0x00000000a8c00000| Untracked 
| 141|0x00000000a8d00000, 0x00000000a8e00000, 0x00000000a8e00000|100%| O|  |TAMS 0x00000000a8d00000, 0x00000000a8d00000| Untracked 
| 142|0x00000000a8e00000, 0x00000000a8f00000, 0x00000000a8f00000|100%| O|  |TAMS 0x00000000a8e00000, 0x00000000a8e00000| Untracked 
| 143|0x00000000a8f00000, 0x00000000a9000000, 0x00000000a9000000|100%| O|  |TAMS 0x00000000a8f00000, 0x00000000a8f00000| Untracked 
| 144|0x00000000a9000000, 0x00000000a9100000, 0x00000000a9100000|100%| O|  |TAMS 0x00000000a9000000, 0x00000000a9000000| Untracked 
| 145|0x00000000a9100000, 0x00000000a9200000, 0x00000000a9200000|100%| O|  |TAMS 0x00000000a9100000, 0x00000000a9100000| Untracked 
| 146|0x00000000a9200000, 0x00000000a9300000, 0x00000000a9300000|100%| O|  |TAMS 0x00000000a9200000, 0x00000000a9200000| Untracked 
| 147|0x00000000a9300000, 0x00000000a9300000, 0x00000000a9400000|  0%| F|  |TAMS 0x00000000a9300000, 0x00000000a9300000| Untracked 
| 148|0x00000000a9400000, 0x00000000a9400000, 0x00000000a9500000|  0%| F|  |TAMS 0x00000000a9400000, 0x00000000a9400000| Untracked 
| 149|0x00000000a9500000, 0x00000000a9500000, 0x00000000a9600000|  0%| F|  |TAMS 0x00000000a9500000, 0x00000000a9500000| Untracked 
| 150|0x00000000a9600000, 0x00000000a9700000, 0x00000000a9700000|100%| O|  |TAMS 0x00000000a9600000, 0x00000000a9600000| Untracked 
| 151|0x00000000a9700000, 0x00000000a9800000, 0x00000000a9800000|100%| O|  |TAMS 0x00000000a9700000, 0x00000000a9700000| Untracked 
| 152|0x00000000a9800000, 0x00000000a9900000, 0x00000000a9900000|100%| O|  |TAMS 0x00000000a9800000, 0x00000000a9800000| Untracked 
| 153|0x00000000a9900000, 0x00000000a9a00000, 0x00000000a9a00000|100%| O|  |TAMS 0x00000000a9900000, 0x00000000a9900000| Untracked 
| 154|0x00000000a9a00000, 0x00000000a9b00000, 0x00000000a9b00000|100%| O|  |TAMS 0x00000000a9a00000, 0x00000000a9a00000| Untracked 
| 155|0x00000000a9b00000, 0x00000000a9c00000, 0x00000000a9c00000|100%| O|  |TAMS 0x00000000a9b00000, 0x00000000a9b00000| Untracked 
| 156|0x00000000a9c00000, 0x00000000a9d00000, 0x00000000a9d00000|100%| O|  |TAMS 0x00000000a9c00000, 0x00000000a9c00000| Untracked 
| 157|0x00000000a9d00000, 0x00000000a9e00000, 0x00000000a9e00000|100%| O|  |TAMS 0x00000000a9d00000, 0x00000000a9d00000| Untracked 
| 158|0x00000000a9e00000, 0x00000000a9e00000, 0x00000000a9f00000|  0%| F|  |TAMS 0x00000000a9e00000, 0x00000000a9e00000| Untracked 
| 159|0x00000000a9f00000, 0x00000000a9f00000, 0x00000000aa000000|  0%| F|  |TAMS 0x00000000a9f00000, 0x00000000a9f00000| Untracked 
| 160|0x00000000aa000000, 0x00000000aa000000, 0x00000000aa100000|  0%| F|  |TAMS 0x00000000aa000000, 0x00000000aa000000| Untracked 
| 161|0x00000000aa100000, 0x00000000aa100000, 0x00000000aa200000|  0%| F|  |TAMS 0x00000000aa100000, 0x00000000aa100000| Untracked 
| 162|0x00000000aa200000, 0x00000000aa200000, 0x00000000aa300000|  0%| F|  |TAMS 0x00000000aa200000, 0x00000000aa200000| Untracked 
| 163|0x00000000aa300000, 0x00000000aa300000, 0x00000000aa400000|  0%| F|  |TAMS 0x00000000aa300000, 0x00000000aa300000| Untracked 
| 164|0x00000000aa400000, 0x00000000aa400000, 0x00000000aa500000|  0%| F|  |TAMS 0x00000000aa400000, 0x00000000aa400000| Untracked 
| 165|0x00000000aa500000, 0x00000000aa500000, 0x00000000aa600000|  0%| F|  |TAMS 0x00000000aa500000, 0x00000000aa500000| Untracked 
| 166|0x00000000aa600000, 0x00000000aa600000, 0x00000000aa700000|  0%| F|  |TAMS 0x00000000aa600000, 0x00000000aa600000| Untracked 
| 167|0x00000000aa700000, 0x00000000aa700000, 0x00000000aa800000|  0%| F|  |TAMS 0x00000000aa700000, 0x00000000aa700000| Untracked 
| 168|0x00000000aa800000, 0x00000000aa800000, 0x00000000aa900000|  0%| F|  |TAMS 0x00000000aa800000, 0x00000000aa800000| Untracked 
| 169|0x00000000aa900000, 0x00000000aa900000, 0x00000000aaa00000|  0%| F|  |TAMS 0x00000000aa900000, 0x00000000aa900000| Untracked 
| 170|0x00000000aaa00000, 0x00000000aaa00000, 0x00000000aab00000|  0%| F|  |TAMS 0x00000000aaa00000, 0x00000000aaa00000| Untracked 
| 171|0x00000000aab00000, 0x00000000aab00000, 0x00000000aac00000|  0%| F|  |TAMS 0x00000000aab00000, 0x00000000aab00000| Untracked 
| 172|0x00000000aac00000, 0x00000000aac00000, 0x00000000aad00000|  0%| F|  |TAMS 0x00000000aac00000, 0x00000000aac00000| Untracked 
| 173|0x00000000aad00000, 0x00000000aad00000, 0x00000000aae00000|  0%| F|  |TAMS 0x00000000aad00000, 0x00000000aad00000| Untracked 
| 174|0x00000000aae00000, 0x00000000aae00000, 0x00000000aaf00000|  0%| F|  |TAMS 0x00000000aae00000, 0x00000000aae00000| Untracked 
| 175|0x00000000aaf00000, 0x00000000aaf00000, 0x00000000ab000000|  0%| F|  |TAMS 0x00000000aaf00000, 0x00000000aaf00000| Untracked 
| 176|0x00000000ab000000, 0x00000000ab000000, 0x00000000ab100000|  0%| F|  |TAMS 0x00000000ab000000, 0x00000000ab000000| Untracked 
| 177|0x00000000ab100000, 0x00000000ab100000, 0x00000000ab200000|  0%| F|  |TAMS 0x00000000ab100000, 0x00000000ab100000| Untracked 
| 178|0x00000000ab200000, 0x00000000ab200000, 0x00000000ab300000|  0%| F|  |TAMS 0x00000000ab200000, 0x00000000ab200000| Untracked 
| 179|0x00000000ab300000, 0x00000000ab300000, 0x00000000ab400000|  0%| F|  |TAMS 0x00000000ab300000, 0x00000000ab300000| Untracked 
| 180|0x00000000ab400000, 0x00000000ab400000, 0x00000000ab500000|  0%| F|  |TAMS 0x00000000ab400000, 0x00000000ab400000| Untracked 
| 181|0x00000000ab500000, 0x00000000ab500000, 0x00000000ab600000|  0%| F|  |TAMS 0x00000000ab500000, 0x00000000ab500000| Untracked 
| 182|0x00000000ab600000, 0x00000000ab600000, 0x00000000ab700000|  0%| F|  |TAMS 0x00000000ab600000, 0x00000000ab600000| Untracked 
| 183|0x00000000ab700000, 0x00000000ab700000, 0x00000000ab800000|  0%| F|  |TAMS 0x00000000ab700000, 0x00000000ab700000| Untracked 
| 184|0x00000000ab800000, 0x00000000ab800000, 0x00000000ab900000|  0%| F|  |TAMS 0x00000000ab800000, 0x00000000ab800000| Untracked 
| 185|0x00000000ab900000, 0x00000000ab900000, 0x00000000aba00000|  0%| F|  |TAMS 0x00000000ab900000, 0x00000000ab900000| Untracked 
| 186|0x00000000aba00000, 0x00000000aba00000, 0x00000000abb00000|  0%| F|  |TAMS 0x00000000aba00000, 0x00000000aba00000| Untracked 
| 187|0x00000000abb00000, 0x00000000abb00000, 0x00000000abc00000|  0%| F|  |TAMS 0x00000000abb00000, 0x00000000abb00000| Untracked 
| 188|0x00000000abc00000, 0x00000000abc00000, 0x00000000abd00000|  0%| F|  |TAMS 0x00000000abc00000, 0x00000000abc00000| Untracked 
| 189|0x00000000abd00000, 0x00000000abd00000, 0x00000000abe00000|  0%| F|  |TAMS 0x00000000abd00000, 0x00000000abd00000| Untracked 
| 190|0x00000000abe00000, 0x00000000abe00000, 0x00000000abf00000|  0%| F|  |TAMS 0x00000000abe00000, 0x00000000abe00000| Untracked 
| 191|0x00000000abf00000, 0x00000000abf00000, 0x00000000ac000000|  0%| F|  |TAMS 0x00000000abf00000, 0x00000000abf00000| Untracked 
| 192|0x00000000ac000000, 0x00000000ac000000, 0x00000000ac100000|  0%| F|  |TAMS 0x00000000ac000000, 0x00000000ac000000| Untracked 
| 193|0x00000000ac100000, 0x00000000ac100000, 0x00000000ac200000|  0%| F|  |TAMS 0x00000000ac100000, 0x00000000ac100000| Untracked 
| 194|0x00000000ac200000, 0x00000000ac200000, 0x00000000ac300000|  0%| F|  |TAMS 0x00000000ac200000, 0x00000000ac200000| Untracked 
| 195|0x00000000ac300000, 0x00000000ac300000, 0x00000000ac400000|  0%| F|  |TAMS 0x00000000ac300000, 0x00000000ac300000| Untracked 
| 196|0x00000000ac400000, 0x00000000ac400000, 0x00000000ac500000|  0%| F|  |TAMS 0x00000000ac400000, 0x00000000ac400000| Untracked 
| 197|0x00000000ac500000, 0x00000000ac500000, 0x00000000ac600000|  0%| F|  |TAMS 0x00000000ac500000, 0x00000000ac500000| Untracked 
| 198|0x00000000ac600000, 0x00000000ac666d80, 0x00000000ac700000| 40%| S|CS|TAMS 0x00000000ac600000, 0x00000000ac600000| Complete 
| 199|0x00000000ac700000, 0x00000000ac800000, 0x00000000ac800000|100%| S|CS|TAMS 0x00000000ac700000, 0x00000000ac700000| Complete 
| 200|0x00000000ac800000, 0x00000000ac900000, 0x00000000ac900000|100%| S|CS|TAMS 0x00000000ac800000, 0x00000000ac800000| Complete 
| 201|0x00000000ac900000, 0x00000000ac900000, 0x00000000aca00000|  0%| F|  |TAMS 0x00000000ac900000, 0x00000000ac900000| Untracked 
| 202|0x00000000aca00000, 0x00000000aca00000, 0x00000000acb00000|  0%| F|  |TAMS 0x00000000aca00000, 0x00000000aca00000| Untracked 
| 203|0x00000000acb00000, 0x00000000acb00000, 0x00000000acc00000|  0%| F|  |TAMS 0x00000000acb00000, 0x00000000acb00000| Untracked 
| 204|0x00000000acc00000, 0x00000000acc00000, 0x00000000acd00000|  0%| F|  |TAMS 0x00000000acc00000, 0x00000000acc00000| Untracked 
| 205|0x00000000acd00000, 0x00000000acd00000, 0x00000000ace00000|  0%| F|  |TAMS 0x00000000acd00000, 0x00000000acd00000| Untracked 
| 206|0x00000000ace00000, 0x00000000ace00000, 0x00000000acf00000|  0%| F|  |TAMS 0x00000000ace00000, 0x00000000ace00000| Untracked 
| 207|0x00000000acf00000, 0x00000000acf00000, 0x00000000ad000000|  0%| F|  |TAMS 0x00000000acf00000, 0x00000000acf00000| Untracked 
| 208|0x00000000ad000000, 0x00000000ad000000, 0x00000000ad100000|  0%| F|  |TAMS 0x00000000ad000000, 0x00000000ad000000| Untracked 
| 209|0x00000000ad100000, 0x00000000ad100000, 0x00000000ad200000|  0%| F|  |TAMS 0x00000000ad100000, 0x00000000ad100000| Untracked 
| 210|0x00000000ad200000, 0x00000000ad300000, 0x00000000ad300000|100%| S|CS|TAMS 0x00000000ad200000, 0x00000000ad200000| Complete 
| 211|0x00000000ad300000, 0x00000000ad400000, 0x00000000ad400000|100%| S|CS|TAMS 0x00000000ad300000, 0x00000000ad300000| Complete 
| 212|0x00000000ad400000, 0x00000000ad500000, 0x00000000ad500000|100%| S|CS|TAMS 0x00000000ad400000, 0x00000000ad400000| Complete 
| 213|0x00000000ad500000, 0x00000000ad600000, 0x00000000ad600000|100%| S|CS|TAMS 0x00000000ad500000, 0x00000000ad500000| Complete 
| 214|0x00000000ad600000, 0x00000000ad600000, 0x00000000ad700000|  0%| F|  |TAMS 0x00000000ad600000, 0x00000000ad600000| Untracked 
| 215|0x00000000ad700000, 0x00000000ad700000, 0x00000000ad800000|  0%| F|  |TAMS 0x00000000ad700000, 0x00000000ad700000| Untracked 
| 216|0x00000000ad800000, 0x00000000ad800000, 0x00000000ad900000|  0%| F|  |TAMS 0x00000000ad800000, 0x00000000ad800000| Untracked 
| 217|0x00000000ad900000, 0x00000000ad900000, 0x00000000ada00000|  0%| F|  |TAMS 0x00000000ad900000, 0x00000000ad900000| Untracked 
| 218|0x00000000ada00000, 0x00000000ada00000, 0x00000000adb00000|  0%| F|  |TAMS 0x00000000ada00000, 0x00000000ada00000| Untracked 
| 219|0x00000000adb00000, 0x00000000adb00000, 0x00000000adc00000|  0%| F|  |TAMS 0x00000000adb00000, 0x00000000adb00000| Untracked 
| 220|0x00000000adc00000, 0x00000000adc00000, 0x00000000add00000|  0%| F|  |TAMS 0x00000000adc00000, 0x00000000adc00000| Untracked 
| 221|0x00000000add00000, 0x00000000add00000, 0x00000000ade00000|  0%| F|  |TAMS 0x00000000add00000, 0x00000000add00000| Untracked 
| 222|0x00000000ade00000, 0x00000000ade00000, 0x00000000adf00000|  0%| F|  |TAMS 0x00000000ade00000, 0x00000000ade00000| Untracked 
| 223|0x00000000adf00000, 0x00000000adf00000, 0x00000000ae000000|  0%| F|  |TAMS 0x00000000adf00000, 0x00000000adf00000| Untracked 
| 224|0x00000000ae000000, 0x00000000ae000000, 0x00000000ae100000|  0%| F|  |TAMS 0x00000000ae000000, 0x00000000ae000000| Untracked 
| 225|0x00000000ae100000, 0x00000000ae17bfa8, 0x00000000ae200000| 48%| E|  |TAMS 0x00000000ae100000, 0x00000000ae100000| Complete 
| 226|0x00000000ae200000, 0x00000000ae300000, 0x00000000ae300000|100%| E|CS|TAMS 0x00000000ae200000, 0x00000000ae200000| Complete 
| 227|0x00000000ae300000, 0x00000000ae400000, 0x00000000ae400000|100%| E|CS|TAMS 0x00000000ae300000, 0x00000000ae300000| Complete 
| 228|0x00000000ae400000, 0x00000000ae500000, 0x00000000ae500000|100%| E|CS|TAMS 0x00000000ae400000, 0x00000000ae400000| Complete 
| 229|0x00000000ae500000, 0x00000000ae600000, 0x00000000ae600000|100%| E|CS|TAMS 0x00000000ae500000, 0x00000000ae500000| Complete 
| 230|0x00000000ae600000, 0x00000000ae700000, 0x00000000ae700000|100%| E|CS|TAMS 0x00000000ae600000, 0x00000000ae600000| Complete 
| 231|0x00000000ae700000, 0x00000000ae800000, 0x00000000ae800000|100%| E|CS|TAMS 0x00000000ae700000, 0x00000000ae700000| Complete 
| 232|0x00000000ae800000, 0x00000000ae900000, 0x00000000ae900000|100%| E|CS|TAMS 0x00000000ae800000, 0x00000000ae800000| Complete 
| 233|0x00000000ae900000, 0x00000000aea00000, 0x00000000aea00000|100%| E|CS|TAMS 0x00000000ae900000, 0x00000000ae900000| Complete 
| 234|0x00000000aea00000, 0x00000000aeb00000, 0x00000000aeb00000|100%| E|CS|TAMS 0x00000000aea00000, 0x00000000aea00000| Complete 
| 235|0x00000000aeb00000, 0x00000000aec00000, 0x00000000aec00000|100%| E|CS|TAMS 0x00000000aeb00000, 0x00000000aeb00000| Complete 
| 236|0x00000000aec00000, 0x00000000aed00000, 0x00000000aed00000|100%| E|CS|TAMS 0x00000000aec00000, 0x00000000aec00000| Complete 
| 237|0x00000000aed00000, 0x00000000aee00000, 0x00000000aee00000|100%| E|CS|TAMS 0x00000000aed00000, 0x00000000aed00000| Complete 
| 238|0x00000000aee00000, 0x00000000aef00000, 0x00000000aef00000|100%| E|CS|TAMS 0x00000000aee00000, 0x00000000aee00000| Complete 
| 239|0x00000000aef00000, 0x00000000af000000, 0x00000000af000000|100%| E|CS|TAMS 0x00000000aef00000, 0x00000000aef00000| Complete 
| 240|0x00000000af000000, 0x00000000af100000, 0x00000000af100000|100%| E|CS|TAMS 0x00000000af000000, 0x00000000af000000| Complete 
| 241|0x00000000af100000, 0x00000000af200000, 0x00000000af200000|100%| E|CS|TAMS 0x00000000af100000, 0x00000000af100000| Complete 
| 242|0x00000000af200000, 0x00000000af300000, 0x00000000af300000|100%| E|CS|TAMS 0x00000000af200000, 0x00000000af200000| Complete 
| 243|0x00000000af300000, 0x00000000af400000, 0x00000000af400000|100%| E|CS|TAMS 0x00000000af300000, 0x00000000af300000| Complete 
| 244|0x00000000af400000, 0x00000000af500000, 0x00000000af500000|100%| E|CS|TAMS 0x00000000af400000, 0x00000000af400000| Complete 
| 245|0x00000000af500000, 0x00000000af600000, 0x00000000af600000|100%| E|CS|TAMS 0x00000000af500000, 0x00000000af500000| Complete 
| 246|0x00000000af600000, 0x00000000af700000, 0x00000000af700000|100%| E|CS|TAMS 0x00000000af600000, 0x00000000af600000| Complete 
| 247|0x00000000af700000, 0x00000000af800000, 0x00000000af800000|100%| E|CS|TAMS 0x00000000af700000, 0x00000000af700000| Complete 
| 248|0x00000000af800000, 0x00000000af900000, 0x00000000af900000|100%| E|CS|TAMS 0x00000000af800000, 0x00000000af800000| Complete 
| 249|0x00000000af900000, 0x00000000afa00000, 0x00000000afa00000|100%| E|CS|TAMS 0x00000000af900000, 0x00000000af900000| Complete 
| 250|0x00000000afa00000, 0x00000000afb00000, 0x00000000afb00000|100%| E|CS|TAMS 0x00000000afa00000, 0x00000000afa00000| Complete 
| 251|0x00000000afb00000, 0x00000000afc00000, 0x00000000afc00000|100%| E|CS|TAMS 0x00000000afb00000, 0x00000000afb00000| Complete 
| 252|0x00000000afc00000, 0x00000000afd00000, 0x00000000afd00000|100%| E|CS|TAMS 0x00000000afc00000, 0x00000000afc00000| Complete 
| 253|0x00000000afd00000, 0x00000000afe00000, 0x00000000afe00000|100%| E|CS|TAMS 0x00000000afd00000, 0x00000000afd00000| Complete 
| 254|0x00000000afe00000, 0x00000000aff00000, 0x00000000aff00000|100%| E|CS|TAMS 0x00000000afe00000, 0x00000000afe00000| Complete 
| 255|0x00000000aff00000, 0x00000000b0000000, 0x00000000b0000000|100%| E|CS|TAMS 0x00000000aff00000, 0x00000000aff00000| Complete 
| 256|0x00000000b0000000, 0x00000000b0100000, 0x00000000b0100000|100%| E|CS|TAMS 0x00000000b0000000, 0x00000000b0000000| Complete 
| 257|0x00000000b0100000, 0x00000000b0200000, 0x00000000b0200000|100%| E|CS|TAMS 0x00000000b0100000, 0x00000000b0100000| Complete 
| 258|0x00000000b0200000, 0x00000000b0300000, 0x00000000b0300000|100%| E|  |TAMS 0x00000000b0200000, 0x00000000b0200000| Complete 
| 259|0x00000000b0300000, 0x00000000b0400000, 0x00000000b0400000|100%| E|CS|TAMS 0x00000000b0300000, 0x00000000b0300000| Complete 
| 260|0x00000000b0400000, 0x00000000b0500000, 0x00000000b0500000|100%| E|CS|TAMS 0x00000000b0400000, 0x00000000b0400000| Complete 
| 261|0x00000000b0500000, 0x00000000b0600000, 0x00000000b0600000|100%| E|CS|TAMS 0x00000000b0500000, 0x00000000b0500000| Complete 
| 262|0x00000000b0600000, 0x00000000b0700000, 0x00000000b0700000|100%| E|CS|TAMS 0x00000000b0600000, 0x00000000b0600000| Complete 
| 263|0x00000000b0700000, 0x00000000b0800000, 0x00000000b0800000|100%| E|CS|TAMS 0x00000000b0700000, 0x00000000b0700000| Complete 
| 264|0x00000000b0800000, 0x00000000b0900000, 0x00000000b0900000|100%| E|CS|TAMS 0x00000000b0800000, 0x00000000b0800000| Complete 
| 265|0x00000000b0900000, 0x00000000b0a00000, 0x00000000b0a00000|100%| E|CS|TAMS 0x00000000b0900000, 0x00000000b0900000| Complete 
| 266|0x00000000b0a00000, 0x00000000b0b00000, 0x00000000b0b00000|100%| E|CS|TAMS 0x00000000b0a00000, 0x00000000b0a00000| Complete 
| 267|0x00000000b0b00000, 0x00000000b0c00000, 0x00000000b0c00000|100%| E|CS|TAMS 0x00000000b0b00000, 0x00000000b0b00000| Complete 
| 268|0x00000000b0c00000, 0x00000000b0d00000, 0x00000000b0d00000|100%| E|CS|TAMS 0x00000000b0c00000, 0x00000000b0c00000| Complete 
| 269|0x00000000b0d00000, 0x00000000b0e00000, 0x00000000b0e00000|100%| E|CS|TAMS 0x00000000b0d00000, 0x00000000b0d00000| Complete 

Card table byte_map: [0x000002121f770000,0x000002121fa70000] _byte_map_base: 0x000002121f270000

Marking Bits (Prev, Next): (CMBitMap*) 0x000002120cfeabf0, (CMBitMap*) 0x000002120cfeac30
 Prev Bits: [0x000002121fd70000, 0x0000021221570000)
 Next Bits: [0x0000021221570000, 0x0000021222d70000)

Polling page: 0x000002120c770000

Metaspace:

Usage:
  Non-class:     92.84 MB used.
      Class:     14.55 MB used.
       Both:    107.39 MB used.

Virtual space:
  Non-class space:       96.00 MB reserved,      93.44 MB ( 97%) committed,  12 nodes.
      Class space:        1.00 GB reserved,      15.06 MB (  1%) committed,  1 nodes.
             Both:        1.09 GB reserved,     108.50 MB ( 10%) committed. 

Chunk freelists:
   Non-Class:  2.06 MB
       Class:  876.00 KB
        Both:  2.92 MB

MaxMetaspaceSize: unlimited
CompressedClassSpaceSize: 1.00 GB
Initial GC threshold: 21.00 MB
Current GC threshold: 153.38 MB
CDS: off
MetaspaceReclaimPolicy: balanced
 - commit_granule_bytes: 65536.
 - commit_granule_words: 8192.
 - virtual_space_node_default_size: 1048576.
 - enlarge_chunks_in_place: 1.
 - new_chunks_are_fully_committed: 0.
 - uncommit_free_chunks: 1.
 - use_allocation_guard: 0.
 - handle_deallocations: 1.


Internal statistics:

num_allocs_failed_limit: 6.
num_arena_births: 1460.
num_arena_deaths: 0.
num_vsnodes_births: 13.
num_vsnodes_deaths: 0.
num_space_committed: 1736.
num_space_uncommitted: 0.
num_chunks_returned_to_freelist: 6.
num_chunks_taken_from_freelist: 5885.
num_chunk_merges: 3.
num_chunk_splits: 3747.
num_chunks_enlarged: 2355.
num_purges: 0.
num_inconsistent_stats: 0.

CodeHeap 'non-profiled nmethods': size=120000Kb used=8933Kb max_used=8933Kb free=111066Kb
 bounds [0x0000021217f40000, 0x0000021218800000, 0x000002121f470000]
CodeHeap 'profiled nmethods': size=120000Kb used=27453Kb max_used=27453Kb free=92546Kb
 bounds [0x0000021210470000, 0x0000021211f40000, 0x00000212179a0000]
CodeHeap 'non-nmethods': size=5760Kb used=2413Kb max_used=2474Kb free=3346Kb
 bounds [0x00000212179a0000, 0x0000021217c20000, 0x0000021217f40000]
 total_blobs=14814 nmethods=13858 adapters=868
 compilation: enabled
              stopped_count=0, restarted_count=0
 full_count=0

Compilation events (20 events):
Event: 45.672 Thread 0x0000021225c395b0 nmethod 16183 0x0000021211f2e490 code [0x0000021211f2e680, 0x0000021211f2ed58]
Event: 45.677 Thread 0x0000021225c395b0 16184   !   3       sun.nio.ch.IOUtil::write (178 bytes)
Event: 45.677 Thread 0x0000021225c395b0 nmethod 16184 0x0000021211f2ef10 code [0x0000021211f2f160, 0x0000021211f2fa28]
Event: 45.677 Thread 0x0000021225c395b0 16185       3       org.gradle.launcher.daemon.protocol.Message::<init> (5 bytes)
Event: 45.678 Thread 0x0000021225c395b0 nmethod 16185 0x0000021211f2fe10 code [0x0000021211f2ffa0, 0x0000021211f300f8]
Event: 45.678 Thread 0x0000021225c395b0 16186   !   3       sun.nio.ch.SocketChannelImpl::write (186 bytes)
Event: 45.679 Thread 0x0000021225c395b0 nmethod 16186 0x0000021211f30190 code [0x0000021211f30520, 0x0000021211f31c48]
Event: 45.679 Thread 0x0000021225c395b0 16187       3       sun.nio.ch.SocketDispatcher::write (8 bytes)
Event: 45.680 Thread 0x0000021225c395b0 nmethod 16187 0x0000021211f32610 code [0x0000021211f327a0, 0x0000021211f328e8]
Event: 45.945 Thread 0x0000021225c395b0 16190       3       org.gradle.launcher.daemon.server.exec.LogToClient$AsynchronousLogDispatcher::submit (12 bytes)
Event: 45.946 Thread 0x0000021225c395b0 nmethod 16190 0x0000021211f32990 code [0x0000021211f32b40, 0x0000021211f32d08]
Event: 45.946 Thread 0x0000021225c395b0 16193       3       java.nio.charset.CharsetDecoder::<init> (100 bytes)
Event: 45.946 Thread 0x0000021225c395b0 nmethod 16193 0x0000021211f32e10 code [0x0000021211f33020, 0x0000021211f336d8]
Event: 45.946 Thread 0x0000021225c395b0 16191       3       org.gradle.internal.io.LineBufferingOutputStream::write (59 bytes)
Event: 45.947 Thread 0x0000021225c395b0 nmethod 16191 0x0000021211f33890 code [0x0000021211f33b40, 0x0000021211f34938]
Event: 45.948 Thread 0x0000021226def3e0 16181       4       org.gradle.internal.logging.text.AbstractLineChoppingStyledTextOutput$1::execute (140 bytes)
Event: 45.948 Thread 0x0000021225c395b0 16195   !   3       java.io.BufferedWriter::write (117 bytes)
Event: 45.949 Thread 0x0000021225c395b0 nmethod 16195 0x0000021211f34e90 code [0x0000021211f35080, 0x0000021211f356c8]
Event: 45.949 Thread 0x0000021225c395b0 16192       3       org.gradle.internal.io.StreamByteBuffer$StreamByteBufferOutputStream::write (22 bytes)
Event: 45.950 Thread 0x0000021225c395b0 nmethod 16192 0x0000021211f35a90 code [0x0000021211f35c40, 0x0000021211f35e18]

GC Heap History (20 events):
Event: 26.956 GC heap before
{Heap before GC invocations=56 (full 0):
 garbage-first heap   total 178176K, used 118228K [0x00000000a0000000, 0x0000000100000000)
  region size 1024K, 22 young (22528K), 1 survivors (1024K)
 Metaspace       used 92172K, committed 93056K, reserved 1130496K
  class space    used 12616K, committed 12992K, reserved 1048576K
}
Event: 26.963 GC heap after
{Heap after GC invocations=57 (full 0):
 garbage-first heap   total 178176K, used 101051K [0x00000000a0000000, 0x0000000100000000)
  region size 1024K, 4 young (4096K), 4 survivors (4096K)
 Metaspace       used 92172K, committed 93056K, reserved 1130496K
  class space    used 12616K, committed 12992K, reserved 1048576K
}
Event: 27.999 GC heap before
{Heap before GC invocations=58 (full 0):
 garbage-first heap   total 179200K, used 135867K [0x00000000a0000000, 0x0000000100000000)
  region size 1024K, 37 young (37888K), 4 survivors (4096K)
 Metaspace       used 92828K, committed 93696K, reserved 1130496K
  class space    used 12698K, committed 13056K, reserved 1048576K
}
Event: 28.012 GC heap after
{Heap after GC invocations=59 (full 0):
 garbage-first heap   total 179200K, used 108985K [0x00000000a0000000, 0x0000000100000000)
  region size 1024K, 5 young (5120K), 5 survivors (5120K)
 Metaspace       used 92828K, committed 93696K, reserved 1130496K
  class space    used 12698K, committed 13056K, reserved 1048576K
}
Event: 28.085 GC heap before
{Heap before GC invocations=59 (full 0):
 garbage-first heap   total 179200K, used 112057K [0x00000000a0000000, 0x0000000100000000)
  region size 1024K, 8 young (8192K), 5 survivors (5120K)
 Metaspace       used 92866K, committed 93696K, reserved 1130496K
  class space    used 12703K, committed 13056K, reserved 1048576K
}
Event: 28.093 GC heap after
{Heap after GC invocations=60 (full 0):
 garbage-first heap   total 179200K, used 109283K [0x00000000a0000000, 0x0000000100000000)
  region size 1024K, 1 young (1024K), 1 survivors (1024K)
 Metaspace       used 92866K, committed 93696K, reserved 1130496K
  class space    used 12703K, committed 13056K, reserved 1048576K
}
Event: 29.083 GC heap before
{Heap before GC invocations=60 (full 0):
 garbage-first heap   total 179200K, used 138979K [0x00000000a0000000, 0x0000000100000000)
  region size 1024K, 30 young (30720K), 1 survivors (1024K)
 Metaspace       used 93213K, committed 94080K, reserved 1130496K
  class space    used 12755K, committed 13120K, reserved 1048576K
}
Event: 29.092 GC heap after
{Heap after GC invocations=61 (full 0):
 garbage-first heap   total 276480K, used 113605K [0x00000000a0000000, 0x0000000100000000)
  region size 1024K, 4 young (4096K), 4 survivors (4096K)
 Metaspace       used 93213K, committed 94080K, reserved 1130496K
  class space    used 12755K, committed 13120K, reserved 1048576K
}
Event: 30.920 GC heap before
{Heap before GC invocations=62 (full 0):
 garbage-first heap   total 276480K, used 187333K [0x00000000a0000000, 0x0000000100000000)
  region size 1024K, 75 young (76800K), 4 survivors (4096K)
 Metaspace       used 95299K, committed 96320K, reserved 1138688K
  class space    used 13023K, committed 13440K, reserved 1048576K
}
Event: 30.947 GC heap after
{Heap after GC invocations=63 (full 0):
 garbage-first heap   total 276480K, used 125594K [0x00000000a0000000, 0x0000000100000000)
  region size 1024K, 10 young (10240K), 10 survivors (10240K)
 Metaspace       used 95299K, committed 96320K, reserved 1138688K
  class space    used 13023K, committed 13440K, reserved 1048576K
}
Event: 31.038 GC heap before
{Heap before GC invocations=63 (full 0):
 garbage-first heap   total 276480K, used 127642K [0x00000000a0000000, 0x0000000100000000)
  region size 1024K, 13 young (13312K), 10 survivors (10240K)
 Metaspace       used 95603K, committed 96576K, reserved 1138688K
  class space    used 13066K, committed 13440K, reserved 1048576K
}
Event: 31.054 GC heap after
{Heap after GC invocations=64 (full 0):
 garbage-first heap   total 276480K, used 127069K [0x00000000a0000000, 0x0000000100000000)
  region size 1024K, 2 young (2048K), 2 survivors (2048K)
 Metaspace       used 95603K, committed 96576K, reserved 1138688K
  class space    used 13066K, committed 13440K, reserved 1048576K
}
Event: 33.013 GC heap before
{Heap before GC invocations=64 (full 0):
 garbage-first heap   total 276480K, used 197725K [0x00000000a0000000, 0x0000000100000000)
  region size 1024K, 71 young (72704K), 2 survivors (2048K)
 Metaspace       used 102003K, committed 103040K, reserved 1138688K
  class space    used 13970K, committed 14400K, reserved 1048576K
}
Event: 33.023 GC heap after
{Heap after GC invocations=65 (full 0):
 garbage-first heap   total 276480K, used 131114K [0x00000000a0000000, 0x0000000100000000)
  region size 1024K, 6 young (6144K), 6 survivors (6144K)
 Metaspace       used 102003K, committed 103040K, reserved 1138688K
  class space    used 13970K, committed 14400K, reserved 1048576K
}
Event: 34.722 GC heap before
{Heap before GC invocations=65 (full 0):
 garbage-first heap   total 276480K, used 205866K [0x00000000a0000000, 0x0000000100000000)
  region size 1024K, 78 young (79872K), 6 survivors (6144K)
 Metaspace       used 103529K, committed 104576K, reserved 1138688K
  class space    used 14149K, committed 14592K, reserved 1048576K
}
Event: 34.763 GC heap after
{Heap after GC invocations=66 (full 0):
 garbage-first heap   total 276480K, used 149176K [0x00000000a0000000, 0x0000000100000000)
  region size 1024K, 10 young (10240K), 10 survivors (10240K)
 Metaspace       used 103529K, committed 104576K, reserved 1138688K
  class space    used 14149K, committed 14592K, reserved 1048576K
}
Event: 36.555 GC heap before
{Heap before GC invocations=66 (full 0):
 garbage-first heap   total 276480K, used 209592K [0x00000000a0000000, 0x0000000100000000)
  region size 1024K, 70 young (71680K), 10 survivors (10240K)
 Metaspace       used 106708K, committed 107840K, reserved 1146880K
  class space    used 14498K, committed 14976K, reserved 1048576K
}
Event: 36.583 GC heap after
{Heap after GC invocations=67 (full 0):
 garbage-first heap   total 276480K, used 159088K [0x00000000a0000000, 0x0000000100000000)
  region size 1024K, 9 young (9216K), 9 survivors (9216K)
 Metaspace       used 106708K, committed 107840K, reserved 1146880K
  class space    used 14498K, committed 14976K, reserved 1048576K
}
Event: 37.893 GC heap before
{Heap before GC invocations=67 (full 0):
 garbage-first heap   total 276480K, used 218480K [0x00000000a0000000, 0x0000000100000000)
  region size 1024K, 65 young (66560K), 9 survivors (9216K)
 Metaspace       used 109477K, committed 110592K, reserved 1146880K
  class space    used 14821K, committed 15296K, reserved 1048576K
}
Event: 37.920 GC heap after
{Heap after GC invocations=68 (full 0):
 garbage-first heap   total 276480K, used 165275K [0x00000000a0000000, 0x0000000100000000)
  region size 1024K, 7 young (7168K), 7 survivors (7168K)
 Metaspace       used 109477K, committed 110592K, reserved 1146880K
  class space    used 14821K, committed 15296K, reserved 1048576K
}

Dll operation events (2 events):
Event: 0.010 Loaded shared library C:\Program Files\Android\Android Studio1\jbr\bin\java.dll
Event: 0.710 Loaded shared library C:\Program Files\Android\Android Studio1\jbr\bin\verify.dll

Deoptimization events (20 events):
Event: 45.945 Thread 0x000002122e47a470 Uncommon trap: trap_request=0xffffffc6 fr.pc=0x00000212181ad090 relative=0x0000000000000410
Event: 45.945 Thread 0x000002122e47a470 Uncommon trap: reason=bimorphic_or_optimized_type_check action=maybe_recompile pc=0x00000212181ad090 method=org.gradle.internal.logging.sink.OutputEventRenderer.onOutput(Lorg/gradle/internal/logging/events/OutputEvent;)V @ 1 c2
Event: 45.945 Thread 0x000002122e47a470 DEOPT PACKING pc=0x00000212181ad090 sp=0x0000002e487feb90
Event: 45.945 Thread 0x000002122e47a470 DEOPT UNPACKING pc=0x00000212179f69a3 sp=0x0000002e487feae8 mode 2
Event: 45.945 Thread 0x000002122e47a470 Uncommon trap: trap_request=0xffffffde fr.pc=0x00000212184792f8 relative=0x0000000000003078
Event: 45.945 Thread 0x000002122e47a470 Uncommon trap: reason=class_check action=maybe_recompile pc=0x00000212184792f8 method=org.gradle.internal.logging.sink.OutputEventTransformer.onOutput(Lorg/gradle/internal/logging/events/OutputEvent;)V @ 225 c2
Event: 45.945 Thread 0x000002122e47a470 DEOPT PACKING pc=0x00000212184792f8 sp=0x0000002e487fea40
Event: 45.945 Thread 0x000002122e47a470 DEOPT UNPACKING pc=0x00000212179f69a3 sp=0x0000002e487fea48 mode 2
Event: 45.945 Thread 0x000002122e47a470 Uncommon trap: trap_request=0xffffffc6 fr.pc=0x00000212181ad090 relative=0x0000000000000410
Event: 45.945 Thread 0x000002122e47a470 Uncommon trap: reason=bimorphic_or_optimized_type_check action=maybe_recompile pc=0x00000212181ad090 method=org.gradle.internal.logging.sink.OutputEventRenderer.onOutput(Lorg/gradle/internal/logging/events/OutputEvent;)V @ 1 c2
Event: 45.945 Thread 0x000002122e47a470 DEOPT PACKING pc=0x00000212181ad090 sp=0x0000002e487feb90
Event: 45.945 Thread 0x000002122e47a470 DEOPT UNPACKING pc=0x00000212179f69a3 sp=0x0000002e487feae8 mode 2
Event: 45.945 Thread 0x000002122e47a470 Uncommon trap: trap_request=0xffffffde fr.pc=0x00000212184792f8 relative=0x0000000000003078
Event: 45.945 Thread 0x000002122e47a470 Uncommon trap: reason=class_check action=maybe_recompile pc=0x00000212184792f8 method=org.gradle.internal.logging.sink.OutputEventTransformer.onOutput(Lorg/gradle/internal/logging/events/OutputEvent;)V @ 225 c2
Event: 45.945 Thread 0x000002122e47a470 DEOPT PACKING pc=0x00000212184792f8 sp=0x0000002e487fea40
Event: 45.945 Thread 0x000002122e47a470 DEOPT UNPACKING pc=0x00000212179f69a3 sp=0x0000002e487fea48 mode 2
Event: 45.945 Thread 0x000002122e47a470 Uncommon trap: trap_request=0xffffffc6 fr.pc=0x0000021218081e30 relative=0x00000000000002d0
Event: 45.945 Thread 0x000002122e47a470 Uncommon trap: reason=bimorphic_or_optimized_type_check action=maybe_recompile pc=0x0000021218081e30 method=org.gradle.internal.logging.sink.OutputEventRenderer.onOutput(Lorg/gradle/internal/logging/events/OutputEvent;)V @ 1 c2
Event: 45.945 Thread 0x000002122e47a470 DEOPT PACKING pc=0x0000021218081e30 sp=0x0000002e487feb30
Event: 45.945 Thread 0x000002122e47a470 DEOPT UNPACKING pc=0x00000212179f69a3 sp=0x0000002e487feae8 mode 2

Classes unloaded (0 events):
No events

Classes redefined (0 events):
No events

Internal exceptions (20 events):
Event: 38.577 Thread 0x00000212274a9e80 Exception <a 'java/lang/ClassNotFoundException'{0x00000000ae4856a8}: org/gradle/process/internal/DefaultExecAction_DecoratedBeanInfo> (0x00000000ae4856a8) 
thrown [s\src\hotspot\share\classfile\systemDictionary.cpp, line 256]
Event: 38.578 Thread 0x00000212274a9e80 Exception <a 'java/lang/ClassNotFoundException'{0x00000000ae498318}: org/gradle/process/internal/DefaultExecActionBeanInfo> (0x00000000ae498318) 
thrown [s\src\hotspot\share\classfile\systemDictionary.cpp, line 256]
Event: 38.580 Thread 0x00000212274a9e80 Exception <a 'java/lang/ClassNotFoundException'{0x00000000ae4abcb8}: org/gradle/process/internal/DefaultExecHandleBuilderBeanInfo> (0x00000000ae4abcb8) 
thrown [s\src\hotspot\share\classfile\systemDictionary.cpp, line 256]
Event: 38.581 Thread 0x00000212274a9e80 Exception <a 'java/lang/ClassNotFoundException'{0x00000000ae4bfe90}: org/gradle/process/internal/AbstractExecHandleBuilderBeanInfo> (0x00000000ae4bfe90) 
thrown [s\src\hotspot\share\classfile\systemDictionary.cpp, line 256]
Event: 38.582 Thread 0x00000212274a9e80 Exception <a 'java/lang/ClassNotFoundException'{0x00000000ae4d4ab8}: org/gradle/process/internal/DefaultProcessForkOptionsBeanInfo> (0x00000000ae4d4ab8) 
thrown [s\src\hotspot\share\classfile\systemDictionary.cpp, line 256]
Event: 38.583 Thread 0x00000212274a9e80 Exception <a 'java/lang/ClassNotFoundException'{0x00000000ae4e8dd8}: org/gradle/process/internal/DefaultProcessForkOptionsCustomizer> (0x00000000ae4e8dd8) 
thrown [s\src\hotspot\share\classfile\systemDictionary.cpp, line 256]
Event: 38.584 Thread 0x00000212274a9e80 Exception <a 'java/lang/ClassNotFoundException'{0x00000000ae30ac90}: org/gradle/process/internal/AbstractExecHandleBuilderCustomizer> (0x00000000ae30ac90) 
thrown [s\src\hotspot\share\classfile\systemDictionary.cpp, line 256]
Event: 38.585 Thread 0x00000212274a9e80 Exception <a 'java/lang/ClassNotFoundException'{0x00000000ae330bd8}: org/gradle/process/internal/DefaultExecHandleBuilderCustomizer> (0x00000000ae330bd8) 
thrown [s\src\hotspot\share\classfile\systemDictionary.cpp, line 256]
Event: 38.587 Thread 0x00000212274a9e80 Exception <a 'java/lang/ClassNotFoundException'{0x00000000ae3723f8}: org/gradle/process/internal/DefaultExecActionCustomizer> (0x00000000ae3723f8) 
thrown [s\src\hotspot\share\classfile\systemDictionary.cpp, line 256]
Event: 38.589 Thread 0x00000212274a9e80 Exception <a 'java/lang/ClassNotFoundException'{0x00000000ae38f528}: org/gradle/process/internal/DefaultExecAction_DecoratedCustomizer> (0x00000000ae38f528) 
thrown [s\src\hotspot\share\classfile\systemDictionary.cpp, line 256]
Event: 38.591 Thread 0x00000212274a9e80 Exception <a 'java/lang/ClassNotFoundException'{0x00000000ae3c9c10}: org/gradle/api/logging/LogLevelBeanInfo> (0x00000000ae3c9c10) 
thrown [s\src\hotspot\share\classfile\systemDictionary.cpp, line 256]
Event: 38.593 Thread 0x00000212274a9e80 Exception <a 'java/lang/ClassNotFoundException'{0x00000000ae3e3db0}: org/gradle/api/logging/LogLevelCustomizer> (0x00000000ae3e3db0) 
thrown [s\src\hotspot\share\classfile\systemDictionary.cpp, line 256]
Event: 38.598 Thread 0x00000212274a9e80 Exception <a 'java/lang/ClassNotFoundException'{0x00000000ae22a7b0}: org/gradle/internal/logging/services/DefaultLoggingManagerBeanInfo> (0x00000000ae22a7b0) 
thrown [s\src\hotspot\share\classfile\systemDictionary.cpp, line 256]
Event: 38.599 Thread 0x00000212274a9e80 Exception <a 'java/lang/ClassNotFoundException'{0x00000000ae245810}: org/gradle/internal/logging/services/DefaultLoggingManagerCustomizer> (0x00000000ae245810) 
thrown [s\src\hotspot\share\classfile\systemDictionary.cpp, line 256]
Event: 38.605 Thread 0x00000212274a9e80 Exception <a 'java/lang/ClassNotFoundException'{0x00000000ae2773e8}: java/lang/BooleanBeanInfo> (0x00000000ae2773e8) 
thrown [s\src\hotspot\share\classfile\systemDictionary.cpp, line 256]
Event: 38.605 Thread 0x00000212274a9e80 Exception <a 'java/lang/ClassNotFoundException'{0x00000000ae27ec20}: java/lang/BooleanCustomizer> (0x00000000ae27ec20) 
thrown [s\src\hotspot\share\classfile\systemDictionary.cpp, line 256]
Event: 38.624 Thread 0x0000021226953dc0 Exception <a 'java/lang/NoSuchMethodError'{0x00000000ae2e4ce0}: 'void java.lang.invoke.DirectMethodHandle$Holder.invokeStatic(java.lang.Object, long)'> (0x00000000ae2e4ce0) 
thrown [s\src\hotspot\share\interpreter\linkResolver.cpp, line 771]
Event: 38.625 Thread 0x0000021226953dc0 Exception <a 'java/lang/NoSuchMethodError'{0x00000000ae2e9f50}: 'java.lang.Object java.lang.invoke.DirectMethodHandle$Holder.newInvokeSpecial(java.lang.Object, long)'> (0x00000000ae2e9f50) 
thrown [s\src\hotspot\share\interpreter\linkResolver.cpp, line 771]
Event: 38.627 Thread 0x0000021226953dc0 Exception <a 'java/lang/NoSuchMethodError'{0x00000000ae2f0ce0}: 'java.lang.Object java.lang.invoke.DirectMethodHandle$Holder.invokeStatic(java.lang.Object, java.lang.Object, long, java.lang.Object)'> (0x00000000ae2f0ce0) 
thrown [s\src\hotspot\share\interpreter\linkResolver.cpp, line 771]
Event: 38.628 Thread 0x0000021226953dc0 Exception <a 'java/lang/NoSuchMethodError'{0x00000000ae2f4980}: 'java.lang.Object java.lang.invoke.DirectMethodHandle$Holder.invokeStaticInit(java.lang.Object, java.lang.Object, long, java.lang.Object)'> (0x00000000ae2f4980) 
thrown [s\src\hotspot\share\interpreter\linkResolver.cpp, line 771]

VM Operations (20 events):
Event: 37.525 Executing VM operation: ICBufferFull
Event: 37.527 Executing VM operation: ICBufferFull done
Event: 37.892 Executing VM operation: G1CollectForAllocation
Event: 37.920 Executing VM operation: G1CollectForAllocation done
Event: 38.482 Executing VM operation: HandshakeAllThreads
Event: 38.482 Executing VM operation: HandshakeAllThreads done
Event: 38.484 Executing VM operation: HandshakeAllThreads
Event: 38.484 Executing VM operation: HandshakeAllThreads done
Event: 38.489 Executing VM operation: HandshakeAllThreads
Event: 38.489 Executing VM operation: HandshakeAllThreads done
Event: 38.630 Executing VM operation: HandshakeAllThreads
Event: 38.630 Executing VM operation: HandshakeAllThreads done
Event: 39.629 Executing VM operation: Cleanup
Event: 39.629 Executing VM operation: Cleanup done
Event: 42.471 Executing VM operation: HandshakeAllThreads
Event: 42.471 Executing VM operation: HandshakeAllThreads done
Event: 43.470 Executing VM operation: Cleanup
Event: 43.470 Executing VM operation: Cleanup done
Event: 45.669 Executing VM operation: HandshakeAllThreads
Event: 45.669 Executing VM operation: HandshakeAllThreads done

Events (20 events):
Event: 38.605 loading class java/lang/BooleanBeanInfo done
Event: 38.605 loading class java/lang/BooleanCustomizer
Event: 38.605 loading class java/lang/BooleanCustomizer done
Event: 38.605 loading class java/lang/BooleanCustomizer
Event: 38.605 loading class java/lang/BooleanCustomizer done
Event: 38.615 Thread 0x0000021226953dc0 Thread added: 0x0000021226953dc0
Event: 38.617 loading class java/lang/ProcessImpl
Event: 38.617 loading class java/lang/ProcessImpl done
Event: 38.625 loading class java/lang/ProcessHandleImpl
Event: 38.626 loading class java/lang/ProcessHandleImpl done
Event: 38.628 loading class java/lang/ProcessImpl$2
Event: 38.629 loading class java/lang/ProcessImpl$2 done
Event: 38.629 loading class java/lang/Process$PipeInputStream
Event: 38.629 loading class java/lang/Process$PipeInputStream done
Event: 38.631 loading class jdk/internal/event/ProcessStartEvent
Event: 38.631 loading class jdk/internal/event/ProcessStartEvent done
Event: 38.632 Thread 0x000002122e47a470 Thread added: 0x000002122e47a470
Event: 38.633 Thread 0x000002122e47cfc0 Thread added: 0x000002122e47cfc0
Event: 38.749 Thread 0x00000212283a7040 Thread exited: 0x00000212283a7040
Event: 45.947 Thread 0x0000021226def3e0 Thread added: 0x0000021226def3e0


Dynamic libraries:
0x00007ff660970000 - 0x00007ff66097a000 	C:\Program Files\Android\Android Studio1\jbr\bin\java.exe
0x00007ff9d3150000 - 0x00007ff9d3348000 	C:\Windows\SYSTEM32\ntdll.dll
0x00007ff9d3050000 - 0x00007ff9d310d000 	C:\Windows\System32\KERNEL32.DLL
0x00007ff9d0930000 - 0x00007ff9d0c26000 	C:\Windows\System32\KERNELBASE.dll
0x00007ff9d0c30000 - 0x00007ff9d0d30000 	C:\Windows\System32\ucrtbase.dll
0x00007ff9c4260000 - 0x00007ff9c4277000 	C:\Program Files\Android\Android Studio1\jbr\bin\jli.dll
0x00007ff9d13d0000 - 0x00007ff9d156e000 	C:\Windows\System32\USER32.dll
0x00007ff9d0d60000 - 0x00007ff9d0d82000 	C:\Windows\System32\win32u.dll
0x00007ff9d21b0000 - 0x00007ff9d21dc000 	C:\Windows\System32\GDI32.dll
0x00007ff9d0f40000 - 0x00007ff9d105a000 	C:\Windows\System32\gdi32full.dll
0x00007ff9d1110000 - 0x00007ff9d11ad000 	C:\Windows\System32\msvcp_win.dll
0x00007ff9aac30000 - 0x00007ff9aac4b000 	C:\Program Files\Android\Android Studio1\jbr\bin\VCRUNTIME140.dll
0x00007ff9bda10000 - 0x00007ff9bdcaa000 	C:\Windows\WinSxS\amd64_microsoft.windows.common-controls_6595b64144ccf1df_6.0.19041.3636_none_60b6a03d71f818d5\COMCTL32.dll
0x00007ff9d29b0000 - 0x00007ff9d2a4e000 	C:\Windows\System32\msvcrt.dll
0x00007ff9d1a60000 - 0x00007ff9d1a90000 	C:\Windows\System32\IMM32.DLL
0x00007ff9c39f0000 - 0x00007ff9c39fc000 	C:\Program Files\Android\Android Studio1\jbr\bin\vcruntime140_1.dll
0x00007ff98d800000 - 0x00007ff98d88d000 	C:\Program Files\Android\Android Studio1\jbr\bin\msvcp140.dll
0x00007ff953fb0000 - 0x00007ff954c1e000 	C:\Program Files\Android\Android Studio1\jbr\bin\server\jvm.dll
0x00007ff9d1320000 - 0x00007ff9d13cf000 	C:\Windows\System32\ADVAPI32.dll
0x00007ff9d1b40000 - 0x00007ff9d1bdc000 	C:\Windows\System32\sechost.dll
0x00007ff9d2f20000 - 0x00007ff9d3046000 	C:\Windows\System32\RPCRT4.dll
0x00007ff9be7c0000 - 0x00007ff9be7c9000 	C:\Windows\SYSTEM32\WSOCK32.dll
0x00007ff9bf460000 - 0x00007ff9bf487000 	C:\Windows\SYSTEM32\WINMM.dll
0x00007ff9c46c0000 - 0x00007ff9c46ca000 	C:\Windows\SYSTEM32\VERSION.dll
0x00007ff9d11c0000 - 0x00007ff9d122b000 	C:\Windows\System32\WS2_32.dll
0x00007ff9ce6d0000 - 0x00007ff9ce6e2000 	C:\Windows\SYSTEM32\kernel.appcore.dll
0x00007ff9cb710000 - 0x00007ff9cb71a000 	C:\Program Files\Android\Android Studio1\jbr\bin\jimage.dll
0x00007ff9c1150000 - 0x00007ff9c1334000 	C:\Windows\SYSTEM32\DBGHELP.DLL
0x00007ff9c1110000 - 0x00007ff9c1144000 	C:\Windows\SYSTEM32\dbgcore.DLL
0x00007ff9d08a0000 - 0x00007ff9d0922000 	C:\Windows\System32\bcryptPrimitives.dll
0x00007ff9c41b0000 - 0x00007ff9c41d5000 	C:\Program Files\Android\Android Studio1\jbr\bin\java.dll
0x00007ff9cb0c0000 - 0x00007ff9cb0d8000 	C:\Program Files\Android\Android Studio1\jbr\bin\zip.dll
0x00007ff9d2260000 - 0x00007ff9d29a4000 	C:\Windows\System32\SHELL32.dll
0x00007ff9ce8d0000 - 0x00007ff9cf06b000 	C:\Windows\SYSTEM32\windows.storage.dll
0x00007ff9d15d0000 - 0x00007ff9d1924000 	C:\Windows\System32\combase.dll
0x00007ff9d0270000 - 0x00007ff9d029d000 	C:\Windows\SYSTEM32\Wldp.dll
0x00007ff9d1a90000 - 0x00007ff9d1b3d000 	C:\Windows\System32\SHCORE.dll
0x00007ff9d1be0000 - 0x00007ff9d1c35000 	C:\Windows\System32\shlwapi.dll
0x00007ff9d0760000 - 0x00007ff9d0785000 	C:\Windows\SYSTEM32\profapi.dll
0x00007ff9c9c90000 - 0x00007ff9c9ca9000 	C:\Program Files\Android\Android Studio1\jbr\bin\net.dll
0x00007ff9c4e50000 - 0x00007ff9c4f5a000 	C:\Windows\SYSTEM32\WINHTTP.dll
0x00007ff9cffd0000 - 0x00007ff9d003a000 	C:\Windows\system32\mswsock.dll
0x00007ff9c99a0000 - 0x00007ff9c99b6000 	C:\Program Files\Android\Android Studio1\jbr\bin\nio.dll
0x00007ff9cb6a0000 - 0x00007ff9cb6b0000 	C:\Program Files\Android\Android Studio1\jbr\bin\verify.dll
0x00007ff9a15d0000 - 0x00007ff9a15f7000 	C:\Users\Dana\.gradle\native\e1d6ef7f7dcc3fd88c89a11ec53ec762bb8ba0a96d01ffa2cd45eb1d1d8dd5c5\windows-amd64\native-platform.dll
0x00007ff98cb20000 - 0x00007ff98cc64000 	C:\Users\Dana\.gradle\native\0d407fdbe67a94daf76414ababcb853783967236a71b16ec16e742cd7a986fd3\windows-amd64\native-platform-file-events.dll
0x00007ff9cb1f0000 - 0x00007ff9cb1f9000 	C:\Program Files\Android\Android Studio1\jbr\bin\management.dll
0x00007ff9c9eb0000 - 0x00007ff9c9ebb000 	C:\Program Files\Android\Android Studio1\jbr\bin\management_ext.dll
0x00007ff9d1310000 - 0x00007ff9d1318000 	C:\Windows\System32\PSAPI.DLL
0x00007ff9d01d0000 - 0x00007ff9d01e8000 	C:\Windows\SYSTEM32\CRYPTSP.dll
0x00007ff9cf890000 - 0x00007ff9cf8c4000 	C:\Windows\system32\rsaenh.dll
0x00007ff9d0d30000 - 0x00007ff9d0d57000 	C:\Windows\System32\bcrypt.dll
0x00007ff9d06e0000 - 0x00007ff9d070e000 	C:\Windows\SYSTEM32\USERENV.dll
0x00007ff9d01c0000 - 0x00007ff9d01cc000 	C:\Windows\SYSTEM32\CRYPTBASE.dll
0x00007ff9cfc70000 - 0x00007ff9cfcab000 	C:\Windows\SYSTEM32\IPHLPAPI.DLL
0x00007ff9d11b0000 - 0x00007ff9d11b8000 	C:\Windows\System32\NSI.dll
0x00007ff9c5500000 - 0x00007ff9c5517000 	C:\Windows\SYSTEM32\dhcpcsvc6.DLL
0x00007ff9c7d90000 - 0x00007ff9c7dad000 	C:\Windows\SYSTEM32\dhcpcsvc.DLL
0x00007ff9cfcb0000 - 0x00007ff9cfd7a000 	C:\Windows\SYSTEM32\DNSAPI.dll
0x00007ff9c9ac0000 - 0x00007ff9c9ac7000 	C:\Windows\system32\wshunix.dll

dbghelp: loaded successfully - version: 4.0.5 - missing functions: none
symbol engine: initialized successfully - sym options: 0x614 - pdb path: .;C:\Program Files\Android\Android Studio1\jbr\bin;C:\Windows\SYSTEM32;C:\Windows\WinSxS\amd64_microsoft.windows.common-controls_6595b64144ccf1df_6.0.19041.3636_none_60b6a03d71f818d5;C:\Program Files\Android\Android Studio1\jbr\bin\server;C:\Users\Dana\.gradle\native\e1d6ef7f7dcc3fd88c89a11ec53ec762bb8ba0a96d01ffa2cd45eb1d1d8dd5c5\windows-amd64;C:\Users\Dana\.gradle\native\0d407fdbe67a94daf76414ababcb853783967236a71b16ec16e742cd7a986fd3\windows-amd64

VM Arguments:
jvm_args: --add-opens=java.base/java.util=ALL-UNNAMED --add-opens=java.base/java.lang=ALL-UNNAMED --add-opens=java.base/java.lang.invoke=ALL-UNNAMED --add-opens=java.base/java.util=ALL-UNNAMED --add-opens=java.prefs/java.util.prefs=ALL-UNNAMED --add-opens=java.prefs/java.util.prefs=ALL-UNNAMED --add-opens=java.base/java.nio.charset=ALL-UNNAMED --add-opens=java.base/java.net=ALL-UNNAMED --add-opens=java.base/java.util.concurrent.atomic=ALL-UNNAMED -Xmx1536M -Dfile.encoding=windows-1256 -Duser.country=US -Duser.language=en -Duser.variant 
java_command: org.gradle.launcher.daemon.bootstrap.GradleDaemon 7.5
java_class_path (initial): C:\Users\Dana\.gradle\wrapper\dists\gradle-7.5-all\6qsw290k5lz422uaf8jf6m7co\gradle-7.5\lib\gradle-launcher-7.5.jar
Launcher Type: SUN_STANDARD

[Global flags]
     intx CICompilerCount                          = 3                                         {product} {ergonomic}
     uint ConcGCThreads                            = 1                                         {product} {ergonomic}
     uint G1ConcRefinementThreads                  = 4                                         {product} {ergonomic}
   size_t G1HeapRegionSize                         = 1048576                                   {product} {ergonomic}
    uintx GCDrainStackTargetSize                   = 64                                        {product} {ergonomic}
   size_t InitialHeapSize                          = 134217728                                 {product} {ergonomic}
   size_t MarkStackSize                            = 4194304                                   {product} {ergonomic}
   size_t MaxHeapSize                              = 1610612736                                {product} {command line}
   size_t MaxNewSize                               = 965738496                                 {product} {ergonomic}
   size_t MinHeapDeltaBytes                        = 1048576                                   {product} {ergonomic}
   size_t MinHeapSize                              = 8388608                                   {product} {ergonomic}
    uintx NonNMethodCodeHeapSize                   = 5832780                                {pd product} {ergonomic}
    uintx NonProfiledCodeHeapSize                  = 122912730                              {pd product} {ergonomic}
    uintx ProfiledCodeHeapSize                     = 122912730                              {pd product} {ergonomic}
    uintx ReservedCodeCacheSize                    = 251658240                              {pd product} {ergonomic}
     bool SegmentedCodeCache                       = true                                      {product} {ergonomic}
   size_t SoftMaxHeapSize                          = 1610612736                             {manageable} {ergonomic}
     bool UseCompressedClassPointers               = true                           {product lp64_product} {ergonomic}
     bool UseCompressedOops                        = true                           {product lp64_product} {ergonomic}
     bool UseG1GC                                  = true                                      {product} {ergonomic}
     bool UseLargePagesIndividualAllocation        = false                                  {pd product} {ergonomic}

Logging:
Log output configuration:
 #0: stdout all=warning uptime,level,tags
 #1: stderr all=off uptime,level,tags

Environment Variables:
JAVA_HOME=C:\Program Files\Android\Android Studio1\jbr
CLASSPATH=D:\parkinson_project\android\\gradle\wrapper\gradle-wrapper.jar
PATH=C:\Program Files\Android\Android Studio1\jbr\bin;C:\Program Files\Python312\Scripts\;C:\Program Files\Python312\;C:\Program Files\Common Files\Oracle\Java\javapath;C:\Windows\system32;C:\Windows;C:\Windows\System32\Wbem;C:\Windows\System32\WindowsPowerShell\v1.0\;C:\Windows\System32\OpenSSH\;C:\Program Files\Python311;C:\Users\Dana\AppData\Local\Programs\Python311\Scripts;C:\ProgramData\chocolatey\bin;C:\Program Files\dartsdk-windows-x64-release\dart-sdk;C:\Program Files\gradle-8.4-bin\gradle-8.4\bin;C:\Program Files\Dart\dart-sdk\bin;C:\flutter_windows_3.13.9-stable\flutter\bin;C:\Program Files\Java\jdk-21\bin;C:\Program Files\MATLAB\R2016b\runtime\win64;C:\Program Files\MATLAB\R2016b\bin;C:\Program Files\MATLAB\R2016b\polyspace\bin;C:\Program Files\Git\cmd;C:\Program Files\Common Files\Oracle\Java\javapath;C:\Windows\system32;C:\Windows;C:\Windows\System32\Wbem;C:\Windows\System32\WindowsPowerShell\v1.0\;C:\Windows\System32\OpenSSH\;C:\Program Files\Python311;C:\Users\Dana\AppData\Local\Programs\Python311\Scripts;C:\ProgramData\chocolatey\bin;C:\Program Files\dartsdk-windows-x64-release\dart-sdk;C:\Program Files\gradle-8.4-bin\gradle-8.4\bin;C:\Program Files\Dart\dart-sdk\bin;C:\flutter_windows_3.13.9-stable\flutter\bin;C:\Program Files\Java\jdk-21\bin;C:\Program Files\MATLAB\R2016b\runtime\win64;C:\Program Files\MATLAB\R2016b\bin;C:\Program Files\MATLAB\R2016b\polyspace\bin;C:\Program Files\Git\cmd;C:\Program Files\NCBI\blast-2.14.1+\bin;C:\Users\Dana\AppData\Local\Microsoft\WindowsApps;C:\Users\Dana\AppData\Local\Programs\Microsoft VS Code\bin;F:\IMT\IMT Tools\IMT Tools\TOOL\mingw64\bin;C:\Users\Dana\AppData\Local\Pub\Cache\bin;C:\Program Files\Git\bin;C:\Program Files\Dart\dart-sdk;C:\Python34\Scripts;C:\flutter_windows_3.13.9-stable\flutter\bin\mingit\cmd
USERNAME=Dana
OS=Windows_NT
PROCESSOR_IDENTIFIER=Intel64 Family 6 Model 61 Stepping 4, GenuineIntel
TMP=C:\Users\Dana\AppData\Local\Temp
TEMP=C:\Users\Dana\AppData\Local\Temp


JNI global refs:
JNI global refs: 27, weak refs: 3

JNI global refs memory usage: 843, weak refs: 841


---------------  S Y S T E M  ---------------

OS:
 Windows 10 , 64 bit Build 19041 (10.0.19041.3636)
OS uptime: 4 days 19:57 hours

CPU: total 4 (initial active 4) (2 cores per cpu, 2 threads per core) family 6 model 61 stepping 4 microcode 0x2d, cx8, cmov, fxsr, ht, mmx, 3dnowpref, sse, sse2, sse3, ssse3, sse4.1, sse4.2, popcnt, lzcnt, tsc, tscinvbit, avx, avx2, aes, erms, clmul, bmi1, bmi2, rtm, adx, fma, vzeroupper, clflush

Memory: 4k page, system-wide physical 8066M (487M free)
TotalPageFile size 13437M (AvailPageFile size 4M)
current process WorkingSet (physical memory assigned to process): 543M, peak: 575M
current process commit charge ("private bytes"): 582M, peak: 612M

vm_info: OpenJDK 64-Bit Server VM (17.0.6+0-b2043.56-10027231) for windows-amd64 JRE (17.0.6+0-b2043.56-10027231), built on Apr 28 2023 00:43:19 by "androidbuild" with MS VC++ 16.10 / 16.11 (VS2019)

END.
