#
# There is insufficient memory for the Java Runtime Environment to continue.
# Native memory allocation (malloc) failed to allocate 32744 bytes for ChunkPool::allocate
# Possible reasons:
#   The system is out of physical RAM or swap space
#   The process is running with CompressedOops enabled, and the Java Heap may be blocking the growth of the native heap
# Possible solutions:
#   Reduce memory load on the system
#   Increase physical memory or swap space
#   Check if swap backing store is full
#   Decrease Java heap size (-Xmx/-Xms)
#   Decrease number of Java threads
#   Decrease Java thread stack sizes (-Xss)
#   Set larger code cache with -XX:ReservedCodeCacheSize=
#   JVM is running with Unscaled Compressed Oops mode in which the Java heap is
#     placed in the first 4GB address space. The Java Heap base address is the
#     maximum limit for the native heap growth. Please use -XX:HeapBaseMinAddress
#     to set the Java Heap base and to place the Java Heap above 4GB virtual address.
# This output file may be truncated or incomplete.
#
#  Out of Memory Error (arena.cpp:78), pid=12696, tid=5476
#
# JRE version: OpenJDK Runtime Environment (17.0.6) (build 17.0.6+0-b2043.56-10027231)
# Java VM: OpenJDK 64-Bit Server VM (17.0.6+0-b2043.56-10027231, mixed mode, tiered, compressed oops, compressed class ptrs, g1 gc, windows-amd64)
# No core dump will be written. Minidumps are not enabled by default on client versions of Windows
#

---------------  S U M M A R Y ------------

Command Line: -Dorg.gradle.appname=gradlew org.gradle.wrapper.GradleWrapperMain -q -Ptarget-platform=android-arm64 -Ptarget=D:\parkinson_project\lib\main.dart -Pbase-application-name=android.app.Application -Pdart-defines=Zmx1dHRlci5pbnNwZWN0b3Iuc3RydWN0dXJlZEVycm9ycz10cnVl,RkxVVFRFUl9XRUJfQVVUT19ERVRFQ1Q9dHJ1ZQ==,RkxVVFRFUl9XRUJfQ0FOVkFTS0lUX1VSTD1odHRwczovL3d3dy5nc3RhdGljLmNvbS9mbHV0dGVyLWNhbnZhc2tpdC8wNTQ1Zjg3MDVkZjMwMTg3N2Q3ODcxMDdiYWMxYTZlOWZjOWVlMWFkLw== -Pdart-obfuscation=false -Ptrack-widget-creation=true -Ptree-shake-icons=false -Pfilesystem-scheme=org-dartlang-root assembleDebug

Host: Intel(R) Core(TM) i7-5600U CPU @ 2.60GHz, 4 cores, 7G,  Windows 10 , 64 bit Build 19041 (10.0.19041.3636)
Time: Fri Dec  8 19:58:04 2023 Egypt Standard Time elapsed time: 48.252636 seconds (0d 0h 0m 48s)

---------------  T H R E A D  ---------------

Current thread (0x0000018b4002a790):  JavaThread "C1 CompilerThread0" daemon [_thread_in_native, id=5476, stack(0x0000006a82700000,0x0000006a82800000)]


Current CompileTask:
C1:  48252 1583   !   3       org.gradle.internal.remote.internal.inet.SocketConnection::receive (142 bytes)

Stack: [0x0000006a82700000,0x0000006a82800000]
Native frames: (J=compiled Java code, j=interpreted, Vv=VM code, C=native code)
V  [jvm.dll+0x683c9a]
V  [jvm.dll+0x8427a4]
V  [jvm.dll+0x843f9e]
V  [jvm.dll+0x844603]
V  [jvm.dll+0x249b75]
V  [jvm.dll+0xabecc]
V  [jvm.dll+0xac27c]
V  [jvm.dll+0x17eff3]
V  [jvm.dll+0x17b827]
V  [jvm.dll+0x135f83]
V  [jvm.dll+0x13587f]
V  [jvm.dll+0x135ab6]
V  [jvm.dll+0x134f4a]
V  [jvm.dll+0x136c11]
V  [jvm.dll+0x22b098]
V  [jvm.dll+0x229159]
V  [jvm.dll+0x7f81ec]
V  [jvm.dll+0x7f274a]
V  [jvm.dll+0x682ad5]
C  [ucrtbase.dll+0x21bb2]
C  [KERNEL32.DLL+0x17344]
C  [ntdll.dll+0x526b1]


---------------  P R O C E S S  ---------------

Threads class SMR info:
_java_thread_list=0x0000018b41b04830, length=15, elements={
0x0000018b25f80200, 0x0000018b3f451ec0, 0x0000018b3f4533e0, 0x0000018b3f474830,
0x0000018b3f476200, 0x0000018b3f477260, 0x0000018b4000a820, 0x0000018b40028d40,
0x0000018b4002a790, 0x0000018b4002e630, 0x0000018b401a9b90, 0x0000018b401ae710,
0x0000018b40bf74d0, 0x0000018b40ae60d0, 0x0000018b40ae65a0
}

Java Threads: ( => current thread )
  0x0000018b25f80200 JavaThread "main" [_thread_blocked, id=3888, stack(0x0000006a81900000,0x0000006a81a00000)]
  0x0000018b3f451ec0 JavaThread "Reference Handler" daemon [_thread_blocked, id=4800, stack(0x0000006a82000000,0x0000006a82100000)]
  0x0000018b3f4533e0 JavaThread "Finalizer" daemon [_thread_blocked, id=8160, stack(0x0000006a82100000,0x0000006a82200000)]
  0x0000018b3f474830 JavaThread "Signal Dispatcher" daemon [_thread_blocked, id=6600, stack(0x0000006a82200000,0x0000006a82300000)]
  0x0000018b3f476200 JavaThread "Attach Listener" daemon [_thread_blocked, id=8688, stack(0x0000006a82300000,0x0000006a82400000)]
  0x0000018b3f477260 JavaThread "Service Thread" daemon [_thread_blocked, id=13160, stack(0x0000006a82400000,0x0000006a82500000)]
  0x0000018b4000a820 JavaThread "Monitor Deflation Thread" daemon [_thread_blocked, id=6028, stack(0x0000006a82500000,0x0000006a82600000)]
  0x0000018b40028d40 JavaThread "C2 CompilerThread0" daemon [_thread_blocked, id=9256, stack(0x0000006a82600000,0x0000006a82700000)]
=>0x0000018b4002a790 JavaThread "C1 CompilerThread0" daemon [_thread_in_native, id=5476, stack(0x0000006a82700000,0x0000006a82800000)]
  0x0000018b4002e630 JavaThread "Sweeper thread" daemon [_thread_blocked, id=12740, stack(0x0000006a82800000,0x0000006a82900000)]
  0x0000018b401a9b90 JavaThread "Notification Thread" daemon [_thread_blocked, id=6876, stack(0x0000006a82900000,0x0000006a82a00000)]
  0x0000018b401ae710 JavaThread "Common-Cleaner" daemon [_thread_blocked, id=9948, stack(0x0000006a82b00000,0x0000006a82c00000)]
  0x0000018b40bf74d0 JavaThread "pool-1-thread-1" [_thread_in_vm, id=3548, stack(0x0000006a83000000,0x0000006a83100000)]
  0x0000018b40ae60d0 JavaThread "DisconnectableInputStream source reader" daemon [_thread_in_native, id=2052, stack(0x0000006a83200000,0x0000006a83300000)]
  0x0000018b40ae65a0 JavaThread "Forward input" [_thread_blocked, id=12872, stack(0x0000006a83300000,0x0000006a83400000)]

Other Threads:
  0x0000018b3f44fb10 VMThread "VM Thread" [stack: 0x0000006a81f00000,0x0000006a82000000] [id=11760]
  0x0000018b401aa060 WatcherThread [stack: 0x0000006a82a00000,0x0000006a82b00000] [id=11708]
  0x0000018b25fdc6b0 GCTaskThread "GC Thread#0" [stack: 0x0000006a81a00000,0x0000006a81b00000] [id=5784]
  0x0000018b403f2f30 GCTaskThread "GC Thread#1" [stack: 0x0000006a82c00000,0x0000006a82d00000] [id=2424]
  0x0000018b404455b0 GCTaskThread "GC Thread#2" [stack: 0x0000006a82d00000,0x0000006a82e00000] [id=6548]
  0x0000018b4043c670 GCTaskThread "GC Thread#3" [stack: 0x0000006a82e00000,0x0000006a82f00000] [id=968]
  0x0000018b25fed140 ConcurrentGCThread "G1 Main Marker" [stack: 0x0000006a81b00000,0x0000006a81c00000] [id=10124]
  0x0000018b25feda60 ConcurrentGCThread "G1 Conc#0" [stack: 0x0000006a81c00000,0x0000006a81d00000] [id=7164]
  0x0000018b26044fc0 ConcurrentGCThread "G1 Refine#0" [stack: 0x0000006a81d00000,0x0000006a81e00000] [id=7604]
  0x0000018b260458f0 ConcurrentGCThread "G1 Service" [stack: 0x0000006a81e00000,0x0000006a81f00000] [id=9252]

Threads with active compile tasks:
C1 CompilerThread0    48614 1583   !   3       org.gradle.internal.remote.internal.inet.SocketConnection::receive (142 bytes)

VM state: not at safepoint (normal execution)

VM Mutex/Monitor currently owned by a thread: None

Heap address: 0x0000000081e00000, size: 2018 MB, Compressed Oops mode: 32-bit

CDS archive(s) not mapped
Compressed class space mapped at: 0x0000000100000000-0x0000000140000000, reserved size: 1073741824
Narrow klass base: 0x0000000000000000, Narrow klass shift: 3, Narrow klass range: 0x140000000

GC Precious Log:
 CPUs: 4 total, 4 available
 Memory: 8066M
 Large Page Support: Disabled
 NUMA Support: Disabled
 Compressed Oops: Enabled (32-bit)
 Heap Region Size: 1M
 Heap Min Capacity: 8M
 Heap Initial Capacity: 128M
 Heap Max Capacity: 2018M
 Pre-touch: Disabled
 Parallel Workers: 4
 Concurrent Workers: 1
 Concurrent Refinement Workers: 4
 Periodic GC: Disabled

Heap:
 garbage-first heap   total 131072K, used 24345K [0x0000000081e00000, 0x0000000100000000)
  region size 1024K, 18 young (18432K), 3 survivors (3072K)
 Metaspace       used 17932K, committed 18176K, reserved 1064960K
  class space    used 2045K, committed 2176K, reserved 1048576K

Heap Regions: E=young(eden), S=young(survivor), O=old, HS=humongous(starts), HC=humongous(continues), CS=collection set, F=free, OA=open archive, CA=closed archive, TAMS=top-at-mark-start (previous, next)
|   0|0x0000000081e00000, 0x0000000081f00000, 0x0000000081f00000|100%|HS|  |TAMS 0x0000000081e00000, 0x0000000081e00000| Complete 
|   1|0x0000000081f00000, 0x0000000082000000, 0x0000000082000000|100%|HC|  |TAMS 0x0000000081f00000, 0x0000000081f00000| Complete 
|   2|0x0000000082000000, 0x0000000082100000, 0x0000000082100000|100%|HC|  |TAMS 0x0000000082000000, 0x0000000082000000| Complete 
|   3|0x0000000082100000, 0x0000000082200000, 0x0000000082200000|100%| O|  |TAMS 0x0000000082100000, 0x0000000082100000| Untracked 
|   4|0x0000000082200000, 0x0000000082300000, 0x0000000082300000|100%| O|  |TAMS 0x0000000082200000, 0x0000000082200000| Untracked 
|   5|0x0000000082300000, 0x0000000082400000, 0x0000000082400000|100%| O|  |TAMS 0x0000000082300000, 0x0000000082300000| Untracked 
|   6|0x0000000082400000, 0x00000000824c6600, 0x0000000082500000| 77%| O|  |TAMS 0x0000000082400000, 0x0000000082400000| Untracked 
|   7|0x0000000082500000, 0x0000000082500000, 0x0000000082600000|  0%| F|  |TAMS 0x0000000082500000, 0x0000000082500000| Untracked 
|   8|0x0000000082600000, 0x0000000082600000, 0x0000000082700000|  0%| F|  |TAMS 0x0000000082600000, 0x0000000082600000| Untracked 
|   9|0x0000000082700000, 0x0000000082700000, 0x0000000082800000|  0%| F|  |TAMS 0x0000000082700000, 0x0000000082700000| Untracked 
|  10|0x0000000082800000, 0x0000000082800000, 0x0000000082900000|  0%| F|  |TAMS 0x0000000082800000, 0x0000000082800000| Untracked 
|  11|0x0000000082900000, 0x0000000082900000, 0x0000000082a00000|  0%| F|  |TAMS 0x0000000082900000, 0x0000000082900000| Untracked 
|  12|0x0000000082a00000, 0x0000000082a00000, 0x0000000082b00000|  0%| F|  |TAMS 0x0000000082a00000, 0x0000000082a00000| Untracked 
|  13|0x0000000082b00000, 0x0000000082b00000, 0x0000000082c00000|  0%| F|  |TAMS 0x0000000082b00000, 0x0000000082b00000| Untracked 
|  14|0x0000000082c00000, 0x0000000082c00000, 0x0000000082d00000|  0%| F|  |TAMS 0x0000000082c00000, 0x0000000082c00000| Untracked 
|  15|0x0000000082d00000, 0x0000000082d00000, 0x0000000082e00000|  0%| F|  |TAMS 0x0000000082d00000, 0x0000000082d00000| Untracked 
|  16|0x0000000082e00000, 0x0000000082e00000, 0x0000000082f00000|  0%| F|  |TAMS 0x0000000082e00000, 0x0000000082e00000| Untracked 
|  17|0x0000000082f00000, 0x0000000082f00000, 0x0000000083000000|  0%| F|  |TAMS 0x0000000082f00000, 0x0000000082f00000| Untracked 
|  18|0x0000000083000000, 0x0000000083000000, 0x0000000083100000|  0%| F|  |TAMS 0x0000000083000000, 0x0000000083000000| Untracked 
|  19|0x0000000083100000, 0x0000000083100000, 0x0000000083200000|  0%| F|  |TAMS 0x0000000083100000, 0x0000000083100000| Untracked 
|  20|0x0000000083200000, 0x0000000083200000, 0x0000000083300000|  0%| F|  |TAMS 0x0000000083200000, 0x0000000083200000| Untracked 
|  21|0x0000000083300000, 0x0000000083300000, 0x0000000083400000|  0%| F|  |TAMS 0x0000000083300000, 0x0000000083300000| Untracked 
|  22|0x0000000083400000, 0x0000000083400000, 0x0000000083500000|  0%| F|  |TAMS 0x0000000083400000, 0x0000000083400000| Untracked 
|  23|0x0000000083500000, 0x0000000083500000, 0x0000000083600000|  0%| F|  |TAMS 0x0000000083500000, 0x0000000083500000| Untracked 
|  24|0x0000000083600000, 0x0000000083600000, 0x0000000083700000|  0%| F|  |TAMS 0x0000000083600000, 0x0000000083600000| Untracked 
|  25|0x0000000083700000, 0x0000000083700000, 0x0000000083800000|  0%| F|  |TAMS 0x0000000083700000, 0x0000000083700000| Untracked 
|  26|0x0000000083800000, 0x0000000083800000, 0x0000000083900000|  0%| F|  |TAMS 0x0000000083800000, 0x0000000083800000| Untracked 
|  27|0x0000000083900000, 0x0000000083900000, 0x0000000083a00000|  0%| F|  |TAMS 0x0000000083900000, 0x0000000083900000| Untracked 
|  28|0x0000000083a00000, 0x0000000083a00000, 0x0000000083b00000|  0%| F|  |TAMS 0x0000000083a00000, 0x0000000083a00000| Untracked 
|  29|0x0000000083b00000, 0x0000000083b00000, 0x0000000083c00000|  0%| F|  |TAMS 0x0000000083b00000, 0x0000000083b00000| Untracked 
|  30|0x0000000083c00000, 0x0000000083c00000, 0x0000000083d00000|  0%| F|  |TAMS 0x0000000083c00000, 0x0000000083c00000| Untracked 
|  31|0x0000000083d00000, 0x0000000083d00000, 0x0000000083e00000|  0%| F|  |TAMS 0x0000000083d00000, 0x0000000083d00000| Untracked 
|  32|0x0000000083e00000, 0x0000000083e00000, 0x0000000083f00000|  0%| F|  |TAMS 0x0000000083e00000, 0x0000000083e00000| Untracked 
|  33|0x0000000083f00000, 0x0000000083f00000, 0x0000000084000000|  0%| F|  |TAMS 0x0000000083f00000, 0x0000000083f00000| Untracked 
|  34|0x0000000084000000, 0x0000000084000000, 0x0000000084100000|  0%| F|  |TAMS 0x0000000084000000, 0x0000000084000000| Untracked 
|  35|0x0000000084100000, 0x0000000084100000, 0x0000000084200000|  0%| F|  |TAMS 0x0000000084100000, 0x0000000084100000| Untracked 
|  36|0x0000000084200000, 0x0000000084200000, 0x0000000084300000|  0%| F|  |TAMS 0x0000000084200000, 0x0000000084200000| Untracked 
|  37|0x0000000084300000, 0x0000000084300000, 0x0000000084400000|  0%| F|  |TAMS 0x0000000084300000, 0x0000000084300000| Untracked 
|  38|0x0000000084400000, 0x0000000084400000, 0x0000000084500000|  0%| F|  |TAMS 0x0000000084400000, 0x0000000084400000| Untracked 
|  39|0x0000000084500000, 0x0000000084500000, 0x0000000084600000|  0%| F|  |TAMS 0x0000000084500000, 0x0000000084500000| Untracked 
|  40|0x0000000084600000, 0x0000000084600000, 0x0000000084700000|  0%| F|  |TAMS 0x0000000084600000, 0x0000000084600000| Untracked 
|  41|0x0000000084700000, 0x0000000084700000, 0x0000000084800000|  0%| F|  |TAMS 0x0000000084700000, 0x0000000084700000| Untracked 
|  42|0x0000000084800000, 0x0000000084800000, 0x0000000084900000|  0%| F|  |TAMS 0x0000000084800000, 0x0000000084800000| Untracked 
|  43|0x0000000084900000, 0x0000000084900000, 0x0000000084a00000|  0%| F|  |TAMS 0x0000000084900000, 0x0000000084900000| Untracked 
|  44|0x0000000084a00000, 0x0000000084a00000, 0x0000000084b00000|  0%| F|  |TAMS 0x0000000084a00000, 0x0000000084a00000| Untracked 
|  45|0x0000000084b00000, 0x0000000084b00000, 0x0000000084c00000|  0%| F|  |TAMS 0x0000000084b00000, 0x0000000084b00000| Untracked 
|  46|0x0000000084c00000, 0x0000000084c00000, 0x0000000084d00000|  0%| F|  |TAMS 0x0000000084c00000, 0x0000000084c00000| Untracked 
|  47|0x0000000084d00000, 0x0000000084d00000, 0x0000000084e00000|  0%| F|  |TAMS 0x0000000084d00000, 0x0000000084d00000| Untracked 
|  48|0x0000000084e00000, 0x0000000084e00000, 0x0000000084f00000|  0%| F|  |TAMS 0x0000000084e00000, 0x0000000084e00000| Untracked 
|  49|0x0000000084f00000, 0x0000000084f00000, 0x0000000085000000|  0%| F|  |TAMS 0x0000000084f00000, 0x0000000084f00000| Untracked 
|  50|0x0000000085000000, 0x0000000085000000, 0x0000000085100000|  0%| F|  |TAMS 0x0000000085000000, 0x0000000085000000| Untracked 
|  51|0x0000000085100000, 0x0000000085100000, 0x0000000085200000|  0%| F|  |TAMS 0x0000000085100000, 0x0000000085100000| Untracked 
|  52|0x0000000085200000, 0x0000000085200000, 0x0000000085300000|  0%| F|  |TAMS 0x0000000085200000, 0x0000000085200000| Untracked 
|  53|0x0000000085300000, 0x0000000085300000, 0x0000000085400000|  0%| F|  |TAMS 0x0000000085300000, 0x0000000085300000| Untracked 
|  54|0x0000000085400000, 0x0000000085400000, 0x0000000085500000|  0%| F|  |TAMS 0x0000000085400000, 0x0000000085400000| Untracked 
|  55|0x0000000085500000, 0x0000000085500000, 0x0000000085600000|  0%| F|  |TAMS 0x0000000085500000, 0x0000000085500000| Untracked 
|  56|0x0000000085600000, 0x0000000085600000, 0x0000000085700000|  0%| F|  |TAMS 0x0000000085600000, 0x0000000085600000| Untracked 
|  57|0x0000000085700000, 0x0000000085700000, 0x0000000085800000|  0%| F|  |TAMS 0x0000000085700000, 0x0000000085700000| Untracked 
|  58|0x0000000085800000, 0x0000000085800000, 0x0000000085900000|  0%| F|  |TAMS 0x0000000085800000, 0x0000000085800000| Untracked 
|  59|0x0000000085900000, 0x0000000085900000, 0x0000000085a00000|  0%| F|  |TAMS 0x0000000085900000, 0x0000000085900000| Untracked 
|  60|0x0000000085a00000, 0x0000000085a00000, 0x0000000085b00000|  0%| F|  |TAMS 0x0000000085a00000, 0x0000000085a00000| Untracked 
|  61|0x0000000085b00000, 0x0000000085b00000, 0x0000000085c00000|  0%| F|  |TAMS 0x0000000085b00000, 0x0000000085b00000| Untracked 
|  62|0x0000000085c00000, 0x0000000085c00000, 0x0000000085d00000|  0%| F|  |TAMS 0x0000000085c00000, 0x0000000085c00000| Untracked 
|  63|0x0000000085d00000, 0x0000000085d00000, 0x0000000085e00000|  0%| F|  |TAMS 0x0000000085d00000, 0x0000000085d00000| Untracked 
|  64|0x0000000085e00000, 0x0000000085e00000, 0x0000000085f00000|  0%| F|  |TAMS 0x0000000085e00000, 0x0000000085e00000| Untracked 
|  65|0x0000000085f00000, 0x0000000085f00000, 0x0000000086000000|  0%| F|  |TAMS 0x0000000085f00000, 0x0000000085f00000| Untracked 
|  66|0x0000000086000000, 0x0000000086000000, 0x0000000086100000|  0%| F|  |TAMS 0x0000000086000000, 0x0000000086000000| Untracked 
|  67|0x0000000086100000, 0x0000000086100000, 0x0000000086200000|  0%| F|  |TAMS 0x0000000086100000, 0x0000000086100000| Untracked 
|  68|0x0000000086200000, 0x0000000086200000, 0x0000000086300000|  0%| F|  |TAMS 0x0000000086200000, 0x0000000086200000| Untracked 
|  69|0x0000000086300000, 0x0000000086300000, 0x0000000086400000|  0%| F|  |TAMS 0x0000000086300000, 0x0000000086300000| Untracked 
|  70|0x0000000086400000, 0x0000000086400000, 0x0000000086500000|  0%| F|  |TAMS 0x0000000086400000, 0x0000000086400000| Untracked 
|  71|0x0000000086500000, 0x0000000086500000, 0x0000000086600000|  0%| F|  |TAMS 0x0000000086500000, 0x0000000086500000| Untracked 
|  72|0x0000000086600000, 0x0000000086600000, 0x0000000086700000|  0%| F|  |TAMS 0x0000000086600000, 0x0000000086600000| Untracked 
|  73|0x0000000086700000, 0x0000000086700000, 0x0000000086800000|  0%| F|  |TAMS 0x0000000086700000, 0x0000000086700000| Untracked 
|  74|0x0000000086800000, 0x0000000086800000, 0x0000000086900000|  0%| F|  |TAMS 0x0000000086800000, 0x0000000086800000| Untracked 
|  75|0x0000000086900000, 0x0000000086900000, 0x0000000086a00000|  0%| F|  |TAMS 0x0000000086900000, 0x0000000086900000| Untracked 
|  76|0x0000000086a00000, 0x0000000086a00000, 0x0000000086b00000|  0%| F|  |TAMS 0x0000000086a00000, 0x0000000086a00000| Untracked 
|  77|0x0000000086b00000, 0x0000000086b00000, 0x0000000086c00000|  0%| F|  |TAMS 0x0000000086b00000, 0x0000000086b00000| Untracked 
|  78|0x0000000086c00000, 0x0000000086c00000, 0x0000000086d00000|  0%| F|  |TAMS 0x0000000086c00000, 0x0000000086c00000| Untracked 
|  79|0x0000000086d00000, 0x0000000086d00000, 0x0000000086e00000|  0%| F|  |TAMS 0x0000000086d00000, 0x0000000086d00000| Untracked 
|  80|0x0000000086e00000, 0x0000000086e00000, 0x0000000086f00000|  0%| F|  |TAMS 0x0000000086e00000, 0x0000000086e00000| Untracked 
|  81|0x0000000086f00000, 0x0000000086f00000, 0x0000000087000000|  0%| F|  |TAMS 0x0000000086f00000, 0x0000000086f00000| Untracked 
|  82|0x0000000087000000, 0x0000000087000000, 0x0000000087100000|  0%| F|  |TAMS 0x0000000087000000, 0x0000000087000000| Untracked 
|  83|0x0000000087100000, 0x0000000087100000, 0x0000000087200000|  0%| F|  |TAMS 0x0000000087100000, 0x0000000087100000| Untracked 
|  84|0x0000000087200000, 0x0000000087200000, 0x0000000087300000|  0%| F|  |TAMS 0x0000000087200000, 0x0000000087200000| Untracked 
|  85|0x0000000087300000, 0x0000000087300000, 0x0000000087400000|  0%| F|  |TAMS 0x0000000087300000, 0x0000000087300000| Untracked 
|  86|0x0000000087400000, 0x0000000087400000, 0x0000000087500000|  0%| F|  |TAMS 0x0000000087400000, 0x0000000087400000| Untracked 
|  87|0x0000000087500000, 0x0000000087500000, 0x0000000087600000|  0%| F|  |TAMS 0x0000000087500000, 0x0000000087500000| Untracked 
|  88|0x0000000087600000, 0x0000000087600000, 0x0000000087700000|  0%| F|  |TAMS 0x0000000087600000, 0x0000000087600000| Untracked 
|  89|0x0000000087700000, 0x0000000087700000, 0x0000000087800000|  0%| F|  |TAMS 0x0000000087700000, 0x0000000087700000| Untracked 
|  90|0x0000000087800000, 0x0000000087800000, 0x0000000087900000|  0%| F|  |TAMS 0x0000000087800000, 0x0000000087800000| Untracked 
|  91|0x0000000087900000, 0x0000000087900000, 0x0000000087a00000|  0%| F|  |TAMS 0x0000000087900000, 0x0000000087900000| Untracked 
|  92|0x0000000087a00000, 0x0000000087a00000, 0x0000000087b00000|  0%| F|  |TAMS 0x0000000087a00000, 0x0000000087a00000| Untracked 
|  93|0x0000000087b00000, 0x0000000087b00000, 0x0000000087c00000|  0%| F|  |TAMS 0x0000000087b00000, 0x0000000087b00000| Untracked 
|  94|0x0000000087c00000, 0x0000000087c00000, 0x0000000087d00000|  0%| F|  |TAMS 0x0000000087c00000, 0x0000000087c00000| Untracked 
|  95|0x0000000087d00000, 0x0000000087d00000, 0x0000000087e00000|  0%| F|  |TAMS 0x0000000087d00000, 0x0000000087d00000| Untracked 
|  96|0x0000000087e00000, 0x0000000087e00000, 0x0000000087f00000|  0%| F|  |TAMS 0x0000000087e00000, 0x0000000087e00000| Untracked 
|  97|0x0000000087f00000, 0x0000000087f00000, 0x0000000088000000|  0%| F|  |TAMS 0x0000000087f00000, 0x0000000087f00000| Untracked 
|  98|0x0000000088000000, 0x0000000088000000, 0x0000000088100000|  0%| F|  |TAMS 0x0000000088000000, 0x0000000088000000| Untracked 
|  99|0x0000000088100000, 0x0000000088100000, 0x0000000088200000|  0%| F|  |TAMS 0x0000000088100000, 0x0000000088100000| Untracked 
| 100|0x0000000088200000, 0x0000000088200000, 0x0000000088300000|  0%| F|  |TAMS 0x0000000088200000, 0x0000000088200000| Untracked 
| 101|0x0000000088300000, 0x0000000088300000, 0x0000000088400000|  0%| F|  |TAMS 0x0000000088300000, 0x0000000088300000| Untracked 
| 102|0x0000000088400000, 0x0000000088400000, 0x0000000088500000|  0%| F|  |TAMS 0x0000000088400000, 0x0000000088400000| Untracked 
| 103|0x0000000088500000, 0x0000000088500000, 0x0000000088600000|  0%| F|  |TAMS 0x0000000088500000, 0x0000000088500000| Untracked 
| 104|0x0000000088600000, 0x0000000088600000, 0x0000000088700000|  0%| F|  |TAMS 0x0000000088600000, 0x0000000088600000| Untracked 
| 105|0x0000000088700000, 0x0000000088700000, 0x0000000088800000|  0%| F|  |TAMS 0x0000000088700000, 0x0000000088700000| Untracked 
| 106|0x0000000088800000, 0x0000000088800000, 0x0000000088900000|  0%| F|  |TAMS 0x0000000088800000, 0x0000000088800000| Untracked 
| 107|0x0000000088900000, 0x0000000088a00000, 0x0000000088a00000|100%| S|CS|TAMS 0x0000000088900000, 0x0000000088900000| Complete 
| 108|0x0000000088a00000, 0x0000000088b00000, 0x0000000088b00000|100%| S|CS|TAMS 0x0000000088a00000, 0x0000000088a00000| Complete 
| 109|0x0000000088b00000, 0x0000000088c00000, 0x0000000088c00000|100%| S|CS|TAMS 0x0000000088b00000, 0x0000000088b00000| Complete 
| 110|0x0000000088c00000, 0x0000000088c00000, 0x0000000088d00000|  0%| F|  |TAMS 0x0000000088c00000, 0x0000000088c00000| Untracked 
| 111|0x0000000088d00000, 0x0000000088d00000, 0x0000000088e00000|  0%| F|  |TAMS 0x0000000088d00000, 0x0000000088d00000| Untracked 
| 112|0x0000000088e00000, 0x0000000088e00000, 0x0000000088f00000|  0%| F|  |TAMS 0x0000000088e00000, 0x0000000088e00000| Untracked 
| 113|0x0000000088f00000, 0x0000000088f4a2f0, 0x0000000089000000| 28%| E|  |TAMS 0x0000000088f00000, 0x0000000088f00000| Complete 
| 114|0x0000000089000000, 0x0000000089100000, 0x0000000089100000|100%| E|CS|TAMS 0x0000000089000000, 0x0000000089000000| Complete 
| 115|0x0000000089100000, 0x0000000089200000, 0x0000000089200000|100%| E|CS|TAMS 0x0000000089100000, 0x0000000089100000| Complete 
| 116|0x0000000089200000, 0x0000000089300000, 0x0000000089300000|100%| E|CS|TAMS 0x0000000089200000, 0x0000000089200000| Complete 
| 117|0x0000000089300000, 0x0000000089400000, 0x0000000089400000|100%| E|CS|TAMS 0x0000000089300000, 0x0000000089300000| Complete 
| 118|0x0000000089400000, 0x0000000089500000, 0x0000000089500000|100%| E|CS|TAMS 0x0000000089400000, 0x0000000089400000| Complete 
| 119|0x0000000089500000, 0x0000000089600000, 0x0000000089600000|100%| E|CS|TAMS 0x0000000089500000, 0x0000000089500000| Complete 
| 120|0x0000000089600000, 0x0000000089700000, 0x0000000089700000|100%| E|CS|TAMS 0x0000000089600000, 0x0000000089600000| Complete 
| 121|0x0000000089700000, 0x0000000089800000, 0x0000000089800000|100%| E|CS|TAMS 0x0000000089700000, 0x0000000089700000| Complete 
| 122|0x0000000089800000, 0x0000000089900000, 0x0000000089900000|100%| E|CS|TAMS 0x0000000089800000, 0x0000000089800000| Complete 
| 123|0x0000000089900000, 0x0000000089a00000, 0x0000000089a00000|100%| E|CS|TAMS 0x0000000089900000, 0x0000000089900000| Complete 
| 124|0x0000000089a00000, 0x0000000089b00000, 0x0000000089b00000|100%| E|CS|TAMS 0x0000000089a00000, 0x0000000089a00000| Complete 
| 125|0x0000000089b00000, 0x0000000089c00000, 0x0000000089c00000|100%| E|CS|TAMS 0x0000000089b00000, 0x0000000089b00000| Complete 
| 126|0x0000000089c00000, 0x0000000089d00000, 0x0000000089d00000|100%| E|CS|TAMS 0x0000000089c00000, 0x0000000089c00000| Complete 
| 127|0x0000000089d00000, 0x0000000089e00000, 0x0000000089e00000|100%| E|CS|TAMS 0x0000000089d00000, 0x0000000089d00000| Complete 

Card table byte_map: [0x0000018b38850000,0x0000018b38c50000] _byte_map_base: 0x0000018b38441000

Marking Bits (Prev, Next): (CMBitMap*) 0x0000018b25fdcbd0, (CMBitMap*) 0x0000018b25fdcc10
 Prev Bits: [0x0000018b39050000, 0x0000018b3afd8000)
 Next Bits: [0x0000018b3afe0000, 0x0000018b3cf68000)

Polling page: 0x0000018b25750000

Metaspace:

Usage:
  Non-class:     15.51 MB used.
      Class:      2.00 MB used.
       Both:     17.51 MB used.

Virtual space:
  Non-class space:       16.00 MB reserved,      15.62 MB ( 98%) committed,  2 nodes.
      Class space:        1.00 GB reserved,       2.12 MB ( <1%) committed,  1 nodes.
             Both:        1.02 GB reserved,      17.75 MB (  2%) committed. 

Chunk freelists:
   Non-Class:  368.00 KB
       Class:  1.73 MB
        Both:  2.08 MB

MaxMetaspaceSize: unlimited
CompressedClassSpaceSize: 1.00 GB
Initial GC threshold: 21.00 MB
Current GC threshold: 21.00 MB
CDS: off
MetaspaceReclaimPolicy: balanced
 - commit_granule_bytes: 65536.
 - commit_granule_words: 8192.
 - virtual_space_node_default_size: 1048576.
 - enlarge_chunks_in_place: 1.
 - new_chunks_are_fully_committed: 0.
 - uncommit_free_chunks: 1.
 - use_allocation_guard: 0.
 - handle_deallocations: 1.


Internal statistics:

num_allocs_failed_limit: 0.
num_arena_births: 90.
num_arena_deaths: 0.
num_vsnodes_births: 3.
num_vsnodes_deaths: 0.
num_space_committed: 284.
num_space_uncommitted: 0.
num_chunks_returned_to_freelist: 0.
num_chunks_taken_from_freelist: 339.
num_chunk_merges: 0.
num_chunk_splits: 219.
num_chunks_enlarged: 176.
num_purges: 0.
num_inconsistent_stats: 0.

CodeHeap 'non-profiled nmethods': size=120000Kb used=602Kb max_used=602Kb free=119397Kb
 bounds [0x0000018b30f20000, 0x0000018b31190000, 0x0000018b38450000]
CodeHeap 'profiled nmethods': size=120000Kb used=3045Kb max_used=3045Kb free=116955Kb
 bounds [0x0000018b29450000, 0x0000018b29750000, 0x0000018b30980000]
CodeHeap 'non-nmethods': size=5760Kb used=1175Kb max_used=1192Kb free=4584Kb
 bounds [0x0000018b30980000, 0x0000018b30bf0000, 0x0000018b30f20000]
 total_blobs=2058 nmethods=1582 adapters=389
 compilation: enabled
              stopped_count=0, restarted_count=0
 full_count=0

Compilation events (20 events):
Event: 39.931 Thread 0x0000018b4002a790 nmethod 1573 0x0000018b30fb6690 code [0x0000018b30fb6820, 0x0000018b30fb68f8]
Event: 39.932 Thread 0x0000018b4002a790 1574       3       java.nio.ByteBuffer::get (54 bytes)
Event: 39.932 Thread 0x0000018b4002a790 nmethod 1574 0x0000018b29740310 code [0x0000018b29740500, 0x0000018b297409d8]
Event: 39.932 Thread 0x0000018b4002a790 1575   !   3       java.nio.ByteBuffer::getArray (121 bytes)
Event: 39.933 Thread 0x0000018b4002a790 nmethod 1575 0x0000018b29740c10 code [0x0000018b29740e80, 0x0000018b29741918]
Event: 39.933 Thread 0x0000018b4002a790 1576       3       org.gradle.internal.serialize.kryo.KryoBackedDecoder::readString (5 bytes)
Event: 39.933 Thread 0x0000018b4002a790 nmethod 1576 0x0000018b29741f10 code [0x0000018b29742120, 0x0000018b29742748]
Event: 39.946 Thread 0x0000018b4002a790 1577   !   3       org.gradle.internal.logging.sink.OutputEventRenderer::onOutput (101 bytes)
Event: 39.946 Thread 0x0000018b4002a790 nmethod 1577 0x0000018b29742990 code [0x0000018b29742be0, 0x0000018b29743918]
Event: 39.946 Thread 0x0000018b4002a790 1578       3       org.gradle.internal.logging.sink.OutputEventTransformer::onOutput (399 bytes)
Event: 39.948 Thread 0x0000018b4002a790 nmethod 1578 0x0000018b29743c10 code [0x0000018b29744040, 0x0000018b29746508]
Event: 39.948 Thread 0x0000018b4002a790 1579   !   3       jdk.proxy1.$Proxy0::onOutput (34 bytes)
Event: 39.948 Thread 0x0000018b4002a790 nmethod 1579 0x0000018b29746b10 code [0x0000018b29746ce0, 0x0000018b297471d8]
Event: 39.977 Thread 0x0000018b4002a790 1580       3       org.gradle.internal.logging.sink.OutputEventListenerManager$1::onOutput (33 bytes)
Event: 39.978 Thread 0x0000018b4002a790 nmethod 1580 0x0000018b29747410 code [0x0000018b297475c0, 0x0000018b297478d8]
Event: 47.977 Thread 0x0000018b4002a790 1581       3       org.gradle.launcher.daemon.protocol.Message::<init> (5 bytes)
Event: 47.977 Thread 0x0000018b4002a790 nmethod 1581 0x0000018b29747a90 code [0x0000018b29747c20, 0x0000018b29747d78]
Event: 47.977 Thread 0x0000018b4002a790 1582   !   3       org.gradle.launcher.daemon.client.DaemonClientConnection::receive (81 bytes)
Event: 47.978 Thread 0x0000018b4002a790 nmethod 1582 0x0000018b29747e10 code [0x0000018b297480a0, 0x0000018b29748c18]
Event: 47.978 Thread 0x0000018b4002a790 1583   !   3       org.gradle.internal.remote.internal.inet.SocketConnection::receive (142 bytes)

GC Heap History (4 events):
Event: 0.890 GC heap before
{Heap before GC invocations=0 (full 0):
 garbage-first heap   total 131072K, used 15360K [0x0000000081e00000, 0x0000000100000000)
  region size 1024K, 13 young (13312K), 0 survivors (0K)
 Metaspace       used 8379K, committed 8512K, reserved 1056768K
  class space    used 735K, committed 768K, reserved 1048576K
}
Event: 0.894 GC heap after
{Heap after GC invocations=1 (full 0):
 garbage-first heap   total 131072K, used 3147K [0x0000000081e00000, 0x0000000100000000)
  region size 1024K, 2 young (2048K), 2 survivors (2048K)
 Metaspace       used 8379K, committed 8512K, reserved 1056768K
  class space    used 735K, committed 768K, reserved 1048576K
}
Event: 1.645 GC heap before
{Heap before GC invocations=1 (full 0):
 garbage-first heap   total 131072K, used 22603K [0x0000000081e00000, 0x0000000100000000)
  region size 1024K, 18 young (18432K), 2 survivors (2048K)
 Metaspace       used 13279K, committed 13504K, reserved 1064960K
  class space    used 1510K, committed 1600K, reserved 1048576K
}
Event: 1.649 GC heap after
{Heap after GC invocations=2 (full 0):
 garbage-first heap   total 131072K, used 10009K [0x0000000081e00000, 0x0000000100000000)
  region size 1024K, 3 young (3072K), 3 survivors (3072K)
 Metaspace       used 13279K, committed 13504K, reserved 1064960K
  class space    used 1510K, committed 1600K, reserved 1048576K
}

Dll operation events (2 events):
Event: 0.030 Loaded shared library C:\Program Files\Android\Android Studio1\jbr\bin\java.dll
Event: 0.237 Loaded shared library C:\Program Files\Android\Android Studio1\jbr\bin\verify.dll

Deoptimization events (20 events):
Event: 5.439 Thread 0x0000018b415446d0 Uncommon trap: trap_request=0xffffffde fr.pc=0x0000018b30f77210 relative=0x00000000000011d0
Event: 5.439 Thread 0x0000018b415446d0 Uncommon trap: reason=class_check action=maybe_recompile pc=0x0000018b30f77210 method=java.util.concurrent.ConcurrentHashMap.putVal(Ljava/lang/Object;Ljava/lang/Object;Z)Ljava/lang/Object; @ 242 c2
Event: 5.439 Thread 0x0000018b415446d0 DEOPT PACKING pc=0x0000018b30f77210 sp=0x0000006a831fde40
Event: 5.439 Thread 0x0000018b415446d0 DEOPT UNPACKING pc=0x0000018b309d69a3 sp=0x0000006a831fddb0 mode 2
Event: 5.540 Thread 0x0000018b25f80200 Uncommon trap: trap_request=0xffffffc6 fr.pc=0x0000018b30fa44e8 relative=0x0000000000000428
Event: 5.540 Thread 0x0000018b25f80200 Uncommon trap: reason=bimorphic_or_optimized_type_check action=maybe_recompile pc=0x0000018b30fa44e8 method=java.util.HashMap.getNode(Ljava/lang/Object;)Ljava/util/HashMap$Node; @ 128 c2
Event: 5.540 Thread 0x0000018b25f80200 DEOPT PACKING pc=0x0000018b30fa44e8 sp=0x0000006a819fa750
Event: 5.540 Thread 0x0000018b25f80200 DEOPT UNPACKING pc=0x0000018b309d69a3 sp=0x0000006a819fa6c8 mode 2
Event: 5.540 Thread 0x0000018b25f80200 Uncommon trap: trap_request=0xffffffc6 fr.pc=0x0000018b30fa44e8 relative=0x0000000000000428
Event: 5.540 Thread 0x0000018b25f80200 Uncommon trap: reason=bimorphic_or_optimized_type_check action=maybe_recompile pc=0x0000018b30fa44e8 method=java.util.HashMap.getNode(Ljava/lang/Object;)Ljava/util/HashMap$Node; @ 128 c2
Event: 5.540 Thread 0x0000018b25f80200 DEOPT PACKING pc=0x0000018b30fa44e8 sp=0x0000006a819fa750
Event: 5.540 Thread 0x0000018b25f80200 DEOPT UNPACKING pc=0x0000018b309d69a3 sp=0x0000006a819fa6c8 mode 2
Event: 5.540 Thread 0x0000018b25f80200 Uncommon trap: trap_request=0xffffffc6 fr.pc=0x0000018b30fa44e8 relative=0x0000000000000428
Event: 5.540 Thread 0x0000018b25f80200 Uncommon trap: reason=bimorphic_or_optimized_type_check action=maybe_recompile pc=0x0000018b30fa44e8 method=java.util.HashMap.getNode(Ljava/lang/Object;)Ljava/util/HashMap$Node; @ 128 c2
Event: 5.540 Thread 0x0000018b25f80200 DEOPT PACKING pc=0x0000018b30fa44e8 sp=0x0000006a819fa750
Event: 5.540 Thread 0x0000018b25f80200 DEOPT UNPACKING pc=0x0000018b309d69a3 sp=0x0000006a819fa6c8 mode 2
Event: 5.540 Thread 0x0000018b25f80200 Uncommon trap: trap_request=0xffffffc6 fr.pc=0x0000018b30fa44e8 relative=0x0000000000000428
Event: 5.540 Thread 0x0000018b25f80200 Uncommon trap: reason=bimorphic_or_optimized_type_check action=maybe_recompile pc=0x0000018b30fa44e8 method=java.util.HashMap.getNode(Ljava/lang/Object;)Ljava/util/HashMap$Node; @ 128 c2
Event: 5.540 Thread 0x0000018b25f80200 DEOPT PACKING pc=0x0000018b30fa44e8 sp=0x0000006a819fa750
Event: 5.540 Thread 0x0000018b25f80200 DEOPT UNPACKING pc=0x0000018b309d69a3 sp=0x0000006a819fa6c8 mode 2

Classes unloaded (0 events):
No events

Classes redefined (0 events):
No events

Internal exceptions (20 events):
Event: 1.292 Thread 0x0000018b25f80200 Exception <a 'java/lang/NoClassDefFoundError'{0x0000000089540cd0}: org/slf4j/impl/StaticMarkerBinder> (0x0000000089540cd0) 
thrown [s\src\hotspot\share\classfile\systemDictionary.cpp, line 245]
Event: 1.319 Thread 0x0000018b25f80200 Exception <a 'java/lang/NoSuchMethodError'{0x00000000895dd2e8}: 'java.lang.Object java.lang.invoke.DirectMethodHandle$Holder.invokeVirtual(java.lang.Object, java.lang.Object, java.lang.Object, java.lang.Object, java.lang.Object, java.lang.Object, java.lang.Object)'> (0x00000000895dd2e8) 
thrown [s\src\hotspot\share\interpreter\linkResolver.cpp, line 771]
Event: 1.329 Thread 0x0000018b25f80200 Exception <a 'java/lang/NoSuchMethodError'{0x00000000895eee18}: 'java.lang.Object java.lang.invoke.Invokers$Holder.invoker(java.lang.Object, java.lang.Object, java.lang.Object)'> (0x00000000895eee18) 
thrown [s\src\hotspot\share\interpreter\linkResolver.cpp, line 771]
Event: 1.333 Thread 0x0000018b25f80200 Exception <a 'java/lang/NoSuchMethodError'{0x00000000895f7ec0}: 'java.lang.Object java.lang.invoke.DirectMethodHandle$Holder.invokeStatic(java.lang.Object, java.lang.Object, int)'> (0x00000000895f7ec0) 
thrown [s\src\hotspot\share\interpreter\linkResolver.cpp, line 771]
Event: 1.337 Thread 0x0000018b25f80200 Exception <a 'java/lang/NoSuchMethodError'{0x0000000089404408}: 'void java.lang.invoke.DelegatingMethodHandle$Holder.delegate(java.lang.Object, java.lang.Object, int, java.lang.Object)'> (0x0000000089404408) 
thrown [s\src\hotspot\share\interpreter\linkResolver.cpp, line 771]
Event: 1.339 Thread 0x0000018b25f80200 Exception <a 'java/lang/NoSuchMethodError'{0x0000000089408550}: 'int java.lang.invoke.DirectMethodHandle$Holder.invokeSpecial(java.lang.Object, java.lang.Object, java.lang.Object)'> (0x0000000089408550) 
thrown [s\src\hotspot\share\interpreter\linkResolver.cpp, line 771]
Event: 1.348 Thread 0x0000018b25f80200 Exception <a 'java/lang/NoSuchMethodError'{0x000000008941b708}: 'java.lang.Object java.lang.invoke.Invokers$Holder.invokeExact_MT(java.lang.Object, java.lang.Object, java.lang.Object, java.lang.Object)'> (0x000000008941b708) 
thrown [s\src\hotspot\share\interpreter\linkResolver.cpp, line 771]
Event: 1.518 Thread 0x0000018b25f80200 Exception <a 'java/lang/NoSuchMethodError'{0x0000000088e19910}: 'java.lang.Object java.lang.invoke.DirectMethodHandle$Holder.invokeInterface(java.lang.Object, java.lang.Object, java.lang.Object)'> (0x0000000088e19910) 
thrown [s\src\hotspot\share\interpreter\linkResolver.cpp, line 771]
Event: 1.534 Thread 0x0000018b25f80200 Exception <a 'java/lang/NoSuchMethodError'{0x0000000088e3b270}: 'void java.lang.invoke.DirectMethodHandle$Holder.invokeSpecial(java.lang.Object, java.lang.Object, java.lang.Object)'> (0x0000000088e3b270) 
thrown [s\src\hotspot\share\interpreter\linkResolver.cpp, line 771]
Event: 1.557 Thread 0x0000018b25f80200 Implicit null exception at 0x0000018b30f6ed13 to 0x0000018b30f6f14c
Event: 1.557 Thread 0x0000018b25f80200 Implicit null exception at 0x0000018b30f59091 to 0x0000018b30f594ac
Event: 1.591 Thread 0x0000018b25f80200 Exception <a 'java/lang/NoSuchMethodError'{0x0000000088dd79d8}: 'java.lang.Object java.lang.invoke.DirectMethodHandle$Holder.invokeStaticInit(java.lang.Object)'> (0x0000000088dd79d8) 
thrown [s\src\hotspot\share\interpreter\linkResolver.cpp, line 771]
Event: 1.749 Thread 0x0000018b25f80200 Exception <a 'java/lang/NoSuchMethodError'{0x0000000089bfd470}: 'java.lang.Object java.lang.invoke.DirectMethodHandle$Holder.invokeStaticInit(java.lang.Object, int, int, int, int)'> (0x0000000089bfd470) 
thrown [s\src\hotspot\share\interpreter\linkResolver.cpp, line 771]
Event: 1.797 Thread 0x0000018b25f80200 Exception <a 'java/lang/NoSuchMethodError'{0x0000000089a41c48}: 'java.lang.Object java.lang.invoke.DirectMethodHandle$Holder.invokeStaticInit(java.lang.Object, java.lang.Object, int, int, int, int)'> (0x0000000089a41c48) 
thrown [s\src\hotspot\share\interpreter\linkResolver.cpp, line 771]
Event: 1.903 Thread 0x0000018b25f80200 Exception <a 'java/lang/NoSuchMethodError'{0x0000000089a6e850}: 'void java.lang.invoke.DirectMethodHandle$Holder.invokeStatic(java.lang.Object, java.lang.Object, java.lang.Object)'> (0x0000000089a6e850) 
thrown [s\src\hotspot\share\interpreter\linkResolver.cpp, line 771]
Event: 2.243 Thread 0x0000018b415446d0 Exception <a 'java/lang/NoSuchMethodError'{0x000000008938be68}: 'void java.lang.invoke.DirectMethodHandle$Holder.invokeStatic(java.lang.Object, long)'> (0x000000008938be68) 
thrown [s\src\hotspot\share\interpreter\linkResolver.cpp, line 771]
Event: 2.244 Thread 0x0000018b415446d0 Exception <a 'java/lang/NoSuchMethodError'{0x0000000089391518}: 'java.lang.Object java.lang.invoke.DirectMethodHandle$Holder.newInvokeSpecial(java.lang.Object, long)'> (0x0000000089391518) 
thrown [s\src\hotspot\share\interpreter\linkResolver.cpp, line 771]
Event: 2.247 Thread 0x0000018b415446d0 Exception <a 'java/lang/NoSuchMethodError'{0x000000008939c0c0}: 'java.lang.Object java.lang.invoke.DirectMethodHandle$Holder.invokeStaticInit(java.lang.Object, java.lang.Object, long, java.lang.Object)'> (0x000000008939c0c0) 
thrown [s\src\hotspot\share\interpreter\linkResolver.cpp, line 771]
Event: 2.247 Thread 0x0000018b415446d0 Exception <a 'java/lang/NoSuchMethodError'{0x00000000893a2748}: 'java.lang.Object java.lang.invoke.DirectMethodHandle$Holder.newInvokeSpecial(java.lang.Object, java.lang.Object, long)'> (0x00000000893a2748) 
thrown [s\src\hotspot\share\interpreter\linkResolver.cpp, line 771]
Event: 2.248 Thread 0x0000018b415446d0 Exception <a 'java/lang/NoSuchMethodError'{0x00000000893a6a38}: 'java.lang.Object java.lang.invoke.Invokers$Holder.linkToTargetMethod(java.lang.Object, long, java.lang.Object)'> (0x00000000893a6a38) 
thrown [s\src\hotspot\share\interpreter\linkResolver.cpp, line 771]

VM Operations (20 events):
Event: 2.285 Executing VM operation: HandshakeAllThreads
Event: 2.285 Executing VM operation: HandshakeAllThreads done
Event: 3.290 Executing VM operation: Cleanup
Event: 3.290 Executing VM operation: Cleanup done
Event: 5.546 Executing VM operation: HandshakeAllThreads
Event: 5.546 Executing VM operation: HandshakeAllThreads done
Event: 5.546 Executing VM operation: Cleanup
Event: 5.546 Executing VM operation: Cleanup done
Event: 7.546 Executing VM operation: Cleanup
Event: 7.546 Executing VM operation: Cleanup done
Event: 21.654 Executing VM operation: Cleanup
Event: 21.654 Executing VM operation: Cleanup done
Event: 26.673 Executing VM operation: Cleanup
Event: 26.673 Executing VM operation: Cleanup done
Event: 27.687 Executing VM operation: Cleanup
Event: 27.687 Executing VM operation: Cleanup done
Event: 38.794 Executing VM operation: Cleanup
Event: 38.794 Executing VM operation: Cleanup done
Event: 40.798 Executing VM operation: Cleanup
Event: 40.799 Executing VM operation: Cleanup done

Events (20 events):
Event: 11.874 loading class jdk/internal/reflect/ByteVectorFactory
Event: 11.874 loading class jdk/internal/reflect/ByteVectorFactory done
Event: 11.874 loading class jdk/internal/reflect/ByteVectorImpl
Event: 11.874 loading class jdk/internal/reflect/ByteVector
Event: 11.874 loading class jdk/internal/reflect/ByteVector done
Event: 11.874 loading class jdk/internal/reflect/ByteVectorImpl done
Event: 11.874 loading class jdk/internal/reflect/ClassFileAssembler
Event: 11.874 loading class jdk/internal/reflect/ClassFileAssembler done
Event: 11.875 loading class jdk/internal/reflect/UTF8
Event: 11.875 loading class jdk/internal/reflect/UTF8 done
Event: 11.875 loading class jdk/internal/reflect/Label
Event: 11.875 loading class jdk/internal/reflect/Label done
Event: 11.876 loading class jdk/internal/reflect/Label$PatchInfo
Event: 11.876 loading class jdk/internal/reflect/Label$PatchInfo done
Event: 11.876 loading class jdk/internal/reflect/MethodAccessorGenerator$1
Event: 11.876 loading class jdk/internal/reflect/MethodAccessorGenerator$1 done
Event: 11.876 loading class jdk/internal/reflect/ClassDefiner
Event: 11.876 loading class jdk/internal/reflect/ClassDefiner done
Event: 11.876 loading class jdk/internal/reflect/ClassDefiner$1
Event: 11.876 loading class jdk/internal/reflect/ClassDefiner$1 done


Dynamic libraries:
0x00007ff660970000 - 0x00007ff66097a000 	C:\Program Files\Android\Android Studio1\jbr\bin\java.exe
0x00007ff9d3150000 - 0x00007ff9d3348000 	C:\Windows\SYSTEM32\ntdll.dll
0x00007ff9d3050000 - 0x00007ff9d310d000 	C:\Windows\System32\KERNEL32.DLL
0x00007ff9d0930000 - 0x00007ff9d0c26000 	C:\Windows\System32\KERNELBASE.dll
0x00007ff9d0c30000 - 0x00007ff9d0d30000 	C:\Windows\System32\ucrtbase.dll
0x00007ff9aac30000 - 0x00007ff9aac4b000 	C:\Program Files\Android\Android Studio1\jbr\bin\VCRUNTIME140.dll
0x00007ff9c4260000 - 0x00007ff9c4277000 	C:\Program Files\Android\Android Studio1\jbr\bin\jli.dll
0x00007ff9d13d0000 - 0x00007ff9d156e000 	C:\Windows\System32\USER32.dll
0x00007ff9bda10000 - 0x00007ff9bdcaa000 	C:\Windows\WinSxS\amd64_microsoft.windows.common-controls_6595b64144ccf1df_6.0.19041.3636_none_60b6a03d71f818d5\COMCTL32.dll
0x00007ff9d0d60000 - 0x00007ff9d0d82000 	C:\Windows\System32\win32u.dll
0x00007ff9d29b0000 - 0x00007ff9d2a4e000 	C:\Windows\System32\msvcrt.dll
0x00007ff9d21b0000 - 0x00007ff9d21dc000 	C:\Windows\System32\GDI32.dll
0x00007ff9d0f40000 - 0x00007ff9d105a000 	C:\Windows\System32\gdi32full.dll
0x00007ff9d1110000 - 0x00007ff9d11ad000 	C:\Windows\System32\msvcp_win.dll
0x00007ff9d1a60000 - 0x00007ff9d1a90000 	C:\Windows\System32\IMM32.DLL
0x00007ff9c39f0000 - 0x00007ff9c39fc000 	C:\Program Files\Android\Android Studio1\jbr\bin\vcruntime140_1.dll
0x00007ff98d800000 - 0x00007ff98d88d000 	C:\Program Files\Android\Android Studio1\jbr\bin\msvcp140.dll
0x00007ff953fb0000 - 0x00007ff954c1e000 	C:\Program Files\Android\Android Studio1\jbr\bin\server\jvm.dll
0x00007ff9d1320000 - 0x00007ff9d13cf000 	C:\Windows\System32\ADVAPI32.dll
0x00007ff9d1b40000 - 0x00007ff9d1bdc000 	C:\Windows\System32\sechost.dll
0x00007ff9d2f20000 - 0x00007ff9d3046000 	C:\Windows\System32\RPCRT4.dll
0x00007ff9bf460000 - 0x00007ff9bf487000 	C:\Windows\SYSTEM32\WINMM.dll
0x00007ff9be7c0000 - 0x00007ff9be7c9000 	C:\Windows\SYSTEM32\WSOCK32.dll
0x00007ff9c46c0000 - 0x00007ff9c46ca000 	C:\Windows\SYSTEM32\VERSION.dll
0x00007ff9d11c0000 - 0x00007ff9d122b000 	C:\Windows\System32\WS2_32.dll
0x00007ff9ce6d0000 - 0x00007ff9ce6e2000 	C:\Windows\SYSTEM32\kernel.appcore.dll
0x00007ff9cb710000 - 0x00007ff9cb71a000 	C:\Program Files\Android\Android Studio1\jbr\bin\jimage.dll
0x00007ff9c1150000 - 0x00007ff9c1334000 	C:\Windows\SYSTEM32\DBGHELP.DLL
0x00007ff9c1110000 - 0x00007ff9c1144000 	C:\Windows\SYSTEM32\dbgcore.DLL
0x00007ff9d08a0000 - 0x00007ff9d0922000 	C:\Windows\System32\bcryptPrimitives.dll
0x00007ff9c41b0000 - 0x00007ff9c41d5000 	C:\Program Files\Android\Android Studio1\jbr\bin\java.dll
0x00007ff9cb0c0000 - 0x00007ff9cb0d8000 	C:\Program Files\Android\Android Studio1\jbr\bin\zip.dll
0x00007ff9d2260000 - 0x00007ff9d29a4000 	C:\Windows\System32\SHELL32.dll
0x00007ff9ce8d0000 - 0x00007ff9cf06b000 	C:\Windows\SYSTEM32\windows.storage.dll
0x00007ff9d15d0000 - 0x00007ff9d1924000 	C:\Windows\System32\combase.dll
0x00007ff9d0270000 - 0x00007ff9d029d000 	C:\Windows\SYSTEM32\Wldp.dll
0x00007ff9d1a90000 - 0x00007ff9d1b3d000 	C:\Windows\System32\SHCORE.dll
0x00007ff9d1be0000 - 0x00007ff9d1c35000 	C:\Windows\System32\shlwapi.dll
0x00007ff9d0760000 - 0x00007ff9d0785000 	C:\Windows\SYSTEM32\profapi.dll
0x00007ff9c9c90000 - 0x00007ff9c9ca9000 	C:\Program Files\Android\Android Studio1\jbr\bin\net.dll
0x00007ff9c4e50000 - 0x00007ff9c4f5a000 	C:\Windows\SYSTEM32\WINHTTP.dll
0x00007ff9cffd0000 - 0x00007ff9d003a000 	C:\Windows\system32\mswsock.dll
0x00007ff9c99a0000 - 0x00007ff9c99b6000 	C:\Program Files\Android\Android Studio1\jbr\bin\nio.dll
0x00007ff9cb6a0000 - 0x00007ff9cb6b0000 	C:\Program Files\Android\Android Studio1\jbr\bin\verify.dll
0x00007ff9a15d0000 - 0x00007ff9a15f7000 	C:\Users\Dana\.gradle\native\e1d6ef7f7dcc3fd88c89a11ec53ec762bb8ba0a96d01ffa2cd45eb1d1d8dd5c5\windows-amd64\native-platform.dll
0x00007ff9cb1f0000 - 0x00007ff9cb1f9000 	C:\Program Files\Android\Android Studio1\jbr\bin\management.dll
0x00007ff9c9eb0000 - 0x00007ff9c9ebb000 	C:\Program Files\Android\Android Studio1\jbr\bin\management_ext.dll
0x00007ff9d1310000 - 0x00007ff9d1318000 	C:\Windows\System32\PSAPI.DLL
0x00007ff9d01d0000 - 0x00007ff9d01e8000 	C:\Windows\SYSTEM32\CRYPTSP.dll
0x00007ff9cf890000 - 0x00007ff9cf8c4000 	C:\Windows\system32\rsaenh.dll
0x00007ff9d0d30000 - 0x00007ff9d0d57000 	C:\Windows\System32\bcrypt.dll
0x00007ff9d06e0000 - 0x00007ff9d070e000 	C:\Windows\SYSTEM32\USERENV.dll
0x00007ff9d01c0000 - 0x00007ff9d01cc000 	C:\Windows\SYSTEM32\CRYPTBASE.dll
0x00007ff9cfc70000 - 0x00007ff9cfcab000 	C:\Windows\SYSTEM32\IPHLPAPI.DLL
0x00007ff9d11b0000 - 0x00007ff9d11b8000 	C:\Windows\System32\NSI.dll
0x00007ff9c5500000 - 0x00007ff9c5517000 	C:\Windows\SYSTEM32\dhcpcsvc6.DLL
0x00007ff9c7d90000 - 0x00007ff9c7dad000 	C:\Windows\SYSTEM32\dhcpcsvc.DLL
0x00007ff9cfcb0000 - 0x00007ff9cfd7a000 	C:\Windows\SYSTEM32\DNSAPI.dll
0x00007ff9c9ac0000 - 0x00007ff9c9ac7000 	C:\Windows\system32\wshunix.dll

dbghelp: loaded successfully - version: 4.0.5 - missing functions: none
symbol engine: initialized successfully - sym options: 0x614 - pdb path: .;C:\Program Files\Android\Android Studio1\jbr\bin;C:\Windows\SYSTEM32;C:\Windows\WinSxS\amd64_microsoft.windows.common-controls_6595b64144ccf1df_6.0.19041.3636_none_60b6a03d71f818d5;C:\Program Files\Android\Android Studio1\jbr\bin\server;C:\Users\Dana\.gradle\native\e1d6ef7f7dcc3fd88c89a11ec53ec762bb8ba0a96d01ffa2cd45eb1d1d8dd5c5\windows-amd64

VM Arguments:
jvm_args: -Dorg.gradle.appname=gradlew 
java_command: org.gradle.wrapper.GradleWrapperMain -q -Ptarget-platform=android-arm64 -Ptarget=D:\parkinson_project\lib\main.dart -Pbase-application-name=android.app.Application -Pdart-defines=Zmx1dHRlci5pbnNwZWN0b3Iuc3RydWN0dXJlZEVycm9ycz10cnVl,RkxVVFRFUl9XRUJfQVVUT19ERVRFQ1Q9dHJ1ZQ==,RkxVVFRFUl9XRUJfQ0FOVkFTS0lUX1VSTD1odHRwczovL3d3dy5nc3RhdGljLmNvbS9mbHV0dGVyLWNhbnZhc2tpdC8wNTQ1Zjg3MDVkZjMwMTg3N2Q3ODcxMDdiYWMxYTZlOWZjOWVlMWFkLw== -Pdart-obfuscation=false -Ptrack-widget-creation=true -Ptree-shake-icons=false -Pfilesystem-scheme=org-dartlang-root assembleDebug
java_class_path (initial): D:\parkinson_project\android\\gradle\wrapper\gradle-wrapper.jar
Launcher Type: SUN_STANDARD

[Global flags]
     intx CICompilerCount                          = 3                                         {product} {ergonomic}
     uint ConcGCThreads                            = 1                                         {product} {ergonomic}
     uint G1ConcRefinementThreads                  = 4                                         {product} {ergonomic}
   size_t G1HeapRegionSize                         = 1048576                                   {product} {ergonomic}
    uintx GCDrainStackTargetSize                   = 64                                        {product} {ergonomic}
   size_t InitialHeapSize                          = 134217728                                 {product} {ergonomic}
   size_t MarkStackSize                            = 4194304                                   {product} {ergonomic}
   size_t MaxHeapSize                              = 2116026368                                {product} {ergonomic}
   size_t MaxNewSize                               = 1268776960                                {product} {ergonomic}
   size_t MinHeapDeltaBytes                        = 1048576                                   {product} {ergonomic}
   size_t MinHeapSize                              = 8388608                                   {product} {ergonomic}
    uintx NonNMethodCodeHeapSize                   = 5832780                                {pd product} {ergonomic}
    uintx NonProfiledCodeHeapSize                  = 122912730                              {pd product} {ergonomic}
    uintx ProfiledCodeHeapSize                     = 122912730                              {pd product} {ergonomic}
    uintx ReservedCodeCacheSize                    = 251658240                              {pd product} {ergonomic}
     bool SegmentedCodeCache                       = true                                      {product} {ergonomic}
   size_t SoftMaxHeapSize                          = 2116026368                             {manageable} {ergonomic}
     bool UseCompressedClassPointers               = true                           {product lp64_product} {ergonomic}
     bool UseCompressedOops                        = true                           {product lp64_product} {ergonomic}
     bool UseG1GC                                  = true                                      {product} {ergonomic}
     bool UseLargePagesIndividualAllocation        = false                                  {pd product} {ergonomic}

Logging:
Log output configuration:
 #0: stdout all=warning uptime,level,tags
 #1: stderr all=off uptime,level,tags

Environment Variables:
JAVA_HOME=C:\Program Files\Android\Android Studio1\jbr
CLASSPATH=D:\parkinson_project\android\\gradle\wrapper\gradle-wrapper.jar
PATH=C:\Program Files\Android\Android Studio1\jbr\bin;C:\Program Files\Python312\Scripts\;C:\Program Files\Python312\;C:\Program Files\Common Files\Oracle\Java\javapath;C:\Windows\system32;C:\Windows;C:\Windows\System32\Wbem;C:\Windows\System32\WindowsPowerShell\v1.0\;C:\Windows\System32\OpenSSH\;C:\Program Files\Python311;C:\Users\Dana\AppData\Local\Programs\Python311\Scripts;C:\ProgramData\chocolatey\bin;C:\Program Files\dartsdk-windows-x64-release\dart-sdk;C:\Program Files\gradle-8.4-bin\gradle-8.4\bin;C:\Program Files\Dart\dart-sdk\bin;C:\flutter_windows_3.13.9-stable\flutter\bin;C:\Program Files\Java\jdk-21\bin;C:\Program Files\MATLAB\R2016b\runtime\win64;C:\Program Files\MATLAB\R2016b\bin;C:\Program Files\MATLAB\R2016b\polyspace\bin;C:\Program Files\Git\cmd;C:\Program Files\Common Files\Oracle\Java\javapath;C:\Windows\system32;C:\Windows;C:\Windows\System32\Wbem;C:\Windows\System32\WindowsPowerShell\v1.0\;C:\Windows\System32\OpenSSH\;C:\Program Files\Python311;C:\Users\Dana\AppData\Local\Programs\Python311\Scripts;C:\ProgramData\chocolatey\bin;C:\Program Files\dartsdk-windows-x64-release\dart-sdk;C:\Program Files\gradle-8.4-bin\gradle-8.4\bin;C:\Program Files\Dart\dart-sdk\bin;C:\flutter_windows_3.13.9-stable\flutter\bin;C:\Program Files\Java\jdk-21\bin;C:\Program Files\MATLAB\R2016b\runtime\win64;C:\Program Files\MATLAB\R2016b\bin;C:\Program Files\MATLAB\R2016b\polyspace\bin;C:\Program Files\Git\cmd;C:\Program Files\NCBI\blast-2.14.1+\bin;C:\Users\Dana\AppData\Local\Microsoft\WindowsApps;C:\Users\Dana\AppData\Local\Programs\Microsoft VS Code\bin;F:\IMT\IMT Tools\IMT Tools\TOOL\mingw64\bin;C:\Users\Dana\AppData\Local\Pub\Cache\bin;C:\Program Files\Git\bin;C:\Program Files\Dart\dart-sdk;C:\Python34\Scripts;C:\flutter_windows_3.13.9-stable\flutter\bin\mingit\cmd
USERNAME=Dana
OS=Windows_NT
PROCESSOR_IDENTIFIER=Intel64 Family 6 Model 61 Stepping 4, GenuineIntel
TMP=C:\Users\Dana\AppData\Local\Temp
TEMP=C:\Users\Dana\AppData\Local\Temp


JNI global refs:
JNI global refs: 20, weak refs: 2

JNI global refs memory usage: 843, weak refs: 841


---------------  S Y S T E M  ---------------

OS:
 Windows 10 , 64 bit Build 19041 (10.0.19041.3636)
OS uptime: 4 days 19:57 hours

CPU: total 4 (initial active 4) (2 cores per cpu, 2 threads per core) family 6 model 61 stepping 4 microcode 0x2d, cx8, cmov, fxsr, ht, mmx, 3dnowpref, sse, sse2, sse3, ssse3, sse4.1, sse4.2, popcnt, lzcnt, tsc, tscinvbit, avx, avx2, aes, erms, clmul, bmi1, bmi2, rtm, adx, fma, vzeroupper, clflush

Memory: 4k page, system-wide physical 8066M (482M free)
TotalPageFile size 13437M (AvailPageFile size 4M)
current process WorkingSet (physical memory assigned to process): 87M, peak: 91M
current process commit charge ("private bytes"): 220M, peak: 225M

vm_info: OpenJDK 64-Bit Server VM (17.0.6+0-b2043.56-10027231) for windows-amd64 JRE (17.0.6+0-b2043.56-10027231), built on Apr 28 2023 00:43:19 by "androidbuild" with MS VC++ 16.10 / 16.11 (VS2019)

END.
